[ 2016-09-24T19:00:56+08:00 ] 0.0.0.0 /DM/index.php?s=/guestbook/run_compile/id/2016-09-23+21%3A02%3A56.html
INFO: [ route_check ] --START--
INFO: CheckRoute Behavior ::run [ RunTime:0.000501s ]
INFO: [ route_check ] --END-- [ RunTime:0.000555s ]
INFO: [ app_begin ] --START--
INFO: ReadHtmlCache Behavior ::run [ RunTime:0.000336s ]
INFO: [ app_begin ] --END-- [ RunTime:0.000373s ]
NOTIC: [2048] Declaration of GuestbookAction::show() should be compatible with that of Action::show() D:\WWW\DM\Web\Lib\Action\GuestbookAction.class.php 第 14 行.
SQL: SHOW COLUMNS FROM `dami_type` [ RunTime:0.003023s ]
SQL: SHOW COLUMNS FROM `dami_article` [ RunTime:0.002436s ]
SQL: SELECT * FROM `dami_type` WHERE ( ismenu=1 ) ORDER BY drank asc  [ RunTime:0.000292s ]
SQL: SELECT * FROM `dami_type` WHERE ( fid=25 AND drank <> 0 ) ORDER BY drank asc  [ RunTime:0.000211s ]
SQL: SELECT * FROM `dami_type` WHERE ( fid=26 AND drank <> 0 ) ORDER BY drank asc  [ RunTime:0.000209s ]
NOTIC: [8] Undefined index: typeid D:\WWW\DM\Web\Lib\Action\PublicAction.class.php 第 55 行.
SQL: SELECT `typename` FROM `dami_type` WHERE ( typeid=0 ) LIMIT 1   [ RunTime:0.000186s ]
SQL: SELECT `path` FROM `dami_type` WHERE ( typeid=0 ) LIMIT 1   [ RunTime:0.000121s ]

[ 2016-09-24T19:01:04+08:00 ] 0.0.0.0 /DM/index.php?s=guestbook
INFO: [ route_check ] --START--
INFO: CheckRoute Behavior ::run [ RunTime:0.000453s ]
INFO: [ route_check ] --END-- [ RunTime:0.000512s ]
INFO: [ app_begin ] --START--
INFO: ReadHtmlCache Behavior ::run [ RunTime:0.000276s ]
INFO: [ app_begin ] --END-- [ RunTime:0.000310s ]
NOTIC: [2048] Declaration of GuestbookAction::show() should be compatible with that of Action::show() D:\WWW\DM\Web\Lib\Action\GuestbookAction.class.php 第 14 行.
SQL: SHOW COLUMNS FROM `dami_type` [ RunTime:0.002659s ]
SQL: SHOW COLUMNS FROM `dami_article` [ RunTime:0.010913s ]
SQL: SELECT * FROM `dami_type` WHERE ( ismenu=1 ) ORDER BY drank asc  [ RunTime:0.000271s ]
SQL: SELECT * FROM `dami_type` WHERE ( fid=25 AND drank <> 0 ) ORDER BY drank asc  [ RunTime:0.000193s ]
SQL: SELECT * FROM `dami_type` WHERE ( fid=26 AND drank <> 0 ) ORDER BY drank asc  [ RunTime:0.000207s ]
NOTIC: [8] Undefined index: typeid D:\WWW\DM\Web\Lib\Action\PublicAction.class.php 第 55 行.
SQL: SELECT `typename` FROM `dami_type` WHERE ( typeid=0 ) LIMIT 1   [ RunTime:0.000138s ]
SQL: SELECT `path` FROM `dami_type` WHERE ( typeid=0 ) LIMIT 1   [ RunTime:0.000139s ]
INFO: [ view_parse ] --START--
SQL: SHOW COLUMNS FROM `dami_vip_mess` [ RunTime:0.002561s ]
SQL: SELECT * FROM `dami_vip_mess` LIMIT 1   [ RunTime:0.000132s ]
INFO: ParseTemplate Behavior ::run [ RunTime:0.911245s ]
INFO: [ view_parse ] --END-- [ RunTime:0.911304s ]
INFO: [ view_filter ] --START--
INFO: ContentReplace Behavior ::run [ RunTime:0.000243s ]
INFO: TokenBuild Behavior ::run [ RunTime:0.000214s ]
INFO: WriteHtmlCache Behavior ::run [ RunTime:0.000163s ]
INFO: ShowRuntime Behavior ::run [ RunTime:0.000238s ]
INFO: [ view_filter ] --END-- [ RunTime:0.000957s ]
INFO: [ view_end ] --START--
INFO: ShowPageTrace Behavior ::run [ RunTime:0.000304s ]
INFO: [ view_end ] --END-- [ RunTime:0.000335s ]

[ 2016-09-24T19:01:05+08:00 ] 0.0.0.0 /DM/index.php?m=Guestbook&a=show&page=1
INFO: [ app_begin ] --START--
INFO: ReadHtmlCache Behavior ::run [ RunTime:0.000292s ]
INFO: [ app_begin ] --END-- [ RunTime:0.000344s ]
NOTIC: [2048] Declaration of GuestbookAction::show() should be compatible with that of Action::show() D:\WWW\DM\Web\Lib\Action\GuestbookAction.class.php 第 14 行.
SQL: SHOW COLUMNS FROM `dami_type` [ RunTime:0.002421s ]
SQL: SHOW COLUMNS FROM `dami_article` [ RunTime:0.002326s ]
SQL: SELECT * FROM `dami_type` WHERE ( ismenu=1 ) ORDER BY drank asc  [ RunTime:0.000271s ]
SQL: SELECT * FROM `dami_type` WHERE ( fid=25 AND drank <> 0 ) ORDER BY drank asc  [ RunTime:0.000212s ]
SQL: SELECT * FROM `dami_type` WHERE ( fid=26 AND drank <> 0 ) ORDER BY drank asc  [ RunTime:0.000185s ]
NOTIC: [8] Undefined index: typeid D:\WWW\DM\Web\Lib\Action\PublicAction.class.php 第 55 行.
SQL: SELECT `typename` FROM `dami_type` WHERE ( typeid=0 ) LIMIT 1   [ RunTime:0.000119s ]
SQL: SELECT `path` FROM `dami_type` WHERE ( typeid=0 ) LIMIT 1   [ RunTime:0.000115s ]
SQL: SHOW COLUMNS FROM `dami_guestbook` [ RunTime:0.002047s ]
SQL: SELECT * FROM `dami_guestbook` WHERE ( `status` = 1 )  [ RunTime:0.000166s ]
SQL: SELECT COUNT(*) AS tp_count FROM `dami_guestbook` WHERE ( `status` = 1 ) LIMIT 1   [ RunTime:0.000140s ]
SQL: SELECT * FROM `dami_guestbook` WHERE ( `status` = 1 ) ORDER BY addtime desc LIMIT 0,5   [ RunTime:0.000180s ]
INFO: [ view_parse ] --START--
INFO: ParseTemplate Behavior ::run [ RunTime:0.005059s ]
INFO: [ view_parse ] --END-- [ RunTime:0.005103s ]
INFO: [ view_filter ] --START--
INFO: ContentReplace Behavior ::run [ RunTime:0.000229s ]
INFO: TokenBuild Behavior ::run [ RunTime:0.000197s ]
INFO: WriteHtmlCache Behavior ::run [ RunTime:0.000157s ]
INFO: ShowRuntime Behavior ::run [ RunTime:0.000231s ]
INFO: [ view_filter ] --END-- [ RunTime:0.000897s ]
INFO: [ view_end ] --START--
INFO: ShowPageTrace Behavior ::run [ RunTime:0.000289s ]
INFO: [ view_end ] --END-- [ RunTime:0.000317s ]

[ 2016-09-24T19:01:08+08:00 ] 0.0.0.0 /DM/index.php?s=guestbook
INFO: [ route_check ] --START--
INFO: CheckRoute Behavior ::run [ RunTime:0.000419s ]
INFO: [ route_check ] --END-- [ RunTime:0.000499s ]
INFO: [ app_begin ] --START--
INFO: ReadHtmlCache Behavior ::run [ RunTime:0.000301s ]
INFO: [ app_begin ] --END-- [ RunTime:0.000344s ]
NOTIC: [2048] Declaration of GuestbookAction::show() should be compatible with that of Action::show() D:\WWW\DM\Web\Lib\Action\GuestbookAction.class.php 第 14 行.
SQL: SHOW COLUMNS FROM `dami_type` [ RunTime:0.002511s ]
SQL: SHOW COLUMNS FROM `dami_article` [ RunTime:0.002385s ]
SQL: SELECT * FROM `dami_type` WHERE ( ismenu=1 ) ORDER BY drank asc  [ RunTime:0.000274s ]
SQL: SELECT * FROM `dami_type` WHERE ( fid=25 AND drank <> 0 ) ORDER BY drank asc  [ RunTime:0.000254s ]
SQL: SELECT * FROM `dami_type` WHERE ( fid=26 AND drank <> 0 ) ORDER BY drank asc  [ RunTime:0.000178s ]
NOTIC: [8] Undefined index: typeid D:\WWW\DM\Web\Lib\Action\PublicAction.class.php 第 55 行.
SQL: SELECT `typename` FROM `dami_type` WHERE ( typeid=0 ) LIMIT 1   [ RunTime:0.000130s ]
SQL: SELECT `path` FROM `dami_type` WHERE ( typeid=0 ) LIMIT 1   [ RunTime:0.000107s ]
INFO: [ view_parse ] --START--
INFO: ParseTemplate Behavior ::run [ RunTime:0.004572s ]
INFO: [ view_parse ] --END-- [ RunTime:0.004617s ]
INFO: [ view_filter ] --START--
INFO: ContentReplace Behavior ::run [ RunTime:0.000305s ]
INFO: TokenBuild Behavior ::run [ RunTime:0.000200s ]
INFO: WriteHtmlCache Behavior ::run [ RunTime:0.000153s ]
INFO: ShowRuntime Behavior ::run [ RunTime:0.000230s ]
INFO: [ view_filter ] --END-- [ RunTime:0.000975s ]
INFO: [ view_end ] --START--
INFO: ShowPageTrace Behavior ::run [ RunTime:0.000428s ]
INFO: [ view_end ] --END-- [ RunTime:0.000458s ]

[ 2016-09-24T19:01:09+08:00 ] 0.0.0.0 /DM/index.php?m=Guestbook&a=show&page=1
INFO: [ app_begin ] --START--
INFO: ReadHtmlCache Behavior ::run [ RunTime:0.000335s ]
INFO: [ app_begin ] --END-- [ RunTime:0.000389s ]
NOTIC: [2048] Declaration of GuestbookAction::show() should be compatible with that of Action::show() D:\WWW\DM\Web\Lib\Action\GuestbookAction.class.php 第 14 行.
SQL: SHOW COLUMNS FROM `dami_type` [ RunTime:0.002368s ]
SQL: SHOW COLUMNS FROM `dami_article` [ RunTime:0.002155s ]
SQL: SELECT * FROM `dami_type` WHERE ( ismenu=1 ) ORDER BY drank asc  [ RunTime:0.000265s ]
SQL: SELECT * FROM `dami_type` WHERE ( fid=25 AND drank <> 0 ) ORDER BY drank asc  [ RunTime:0.000199s ]
SQL: SELECT * FROM `dami_type` WHERE ( fid=26 AND drank <> 0 ) ORDER BY drank asc  [ RunTime:0.000183s ]
NOTIC: [8] Undefined index: typeid D:\WWW\DM\Web\Lib\Action\PublicAction.class.php 第 55 行.
SQL: SELECT `typename` FROM `dami_type` WHERE ( typeid=0 ) LIMIT 1   [ RunTime:0.000122s ]
SQL: SELECT `path` FROM `dami_type` WHERE ( typeid=0 ) LIMIT 1   [ RunTime:0.000115s ]
SQL: SHOW COLUMNS FROM `dami_guestbook` [ RunTime:0.002020s ]
SQL: SELECT * FROM `dami_guestbook` WHERE ( `status` = 1 )  [ RunTime:0.000142s ]
SQL: SELECT COUNT(*) AS tp_count FROM `dami_guestbook` WHERE ( `status` = 1 ) LIMIT 1   [ RunTime:0.000141s ]
SQL: SELECT * FROM `dami_guestbook` WHERE ( `status` = 1 ) ORDER BY addtime desc LIMIT 0,5   [ RunTime:0.000173s ]
INFO: [ view_parse ] --START--
INFO: ParseTemplate Behavior ::run [ RunTime:0.004907s ]
INFO: [ view_parse ] --END-- [ RunTime:0.004948s ]
INFO: [ view_filter ] --START--
INFO: ContentReplace Behavior ::run [ RunTime:0.000293s ]
INFO: TokenBuild Behavior ::run [ RunTime:0.000191s ]
INFO: WriteHtmlCache Behavior ::run [ RunTime:0.000149s ]
INFO: ShowRuntime Behavior ::run [ RunTime:0.000224s ]
INFO: [ view_filter ] --END-- [ RunTime:0.000937s ]
INFO: [ view_end ] --START--
INFO: ShowPageTrace Behavior ::run [ RunTime:0.000281s ]
INFO: [ view_end ] --END-- [ RunTime:0.000307s ]

[ 2016-09-24T19:01:12+08:00 ] 0.0.0.0 /DM/index.php?m=Guestbook&a=compile&id=2016-09-23%2021:02:56
INFO: [ app_begin ] --START--
INFO: ReadHtmlCache Behavior ::run [ RunTime:0.000303s ]
INFO: [ app_begin ] --END-- [ RunTime:0.000346s ]
NOTIC: [2048] Declaration of GuestbookAction::show() should be compatible with that of Action::show() D:\WWW\DM\Web\Lib\Action\GuestbookAction.class.php 第 14 行.
SQL: SHOW COLUMNS FROM `dami_type` [ RunTime:0.002585s ]
SQL: SHOW COLUMNS FROM `dami_article` [ RunTime:0.002240s ]
SQL: SELECT * FROM `dami_type` WHERE ( ismenu=1 ) ORDER BY drank asc  [ RunTime:0.000265s ]
SQL: SELECT * FROM `dami_type` WHERE ( fid=25 AND drank <> 0 ) ORDER BY drank asc  [ RunTime:0.000180s ]
SQL: SELECT * FROM `dami_type` WHERE ( fid=26 AND drank <> 0 ) ORDER BY drank asc  [ RunTime:0.000193s ]
NOTIC: [8] Undefined index: typeid D:\WWW\DM\Web\Lib\Action\PublicAction.class.php 第 55 行.
SQL: SELECT `typename` FROM `dami_type` WHERE ( typeid=0 ) LIMIT 1   [ RunTime:0.000119s ]
SQL: SELECT `path` FROM `dami_type` WHERE ( typeid=0 ) LIMIT 1   [ RunTime:0.000106s ]
INFO: [ view_parse ] --START--
INFO: ParseTemplate Behavior ::run [ RunTime:0.004668s ]
INFO: [ view_parse ] --END-- [ RunTime:0.004720s ]
INFO: [ view_filter ] --START--
INFO: ContentReplace Behavior ::run [ RunTime:0.000334s ]
INFO: TokenBuild Behavior ::run [ RunTime:0.000203s ]
INFO: WriteHtmlCache Behavior ::run [ RunTime:0.000154s ]
INFO: ShowRuntime Behavior ::run [ RunTime:0.000272s ]
INFO: [ view_filter ] --END-- [ RunTime:0.001049s ]
INFO: [ view_end ] --START--
INFO: ShowPageTrace Behavior ::run [ RunTime:0.000336s ]
INFO: [ view_end ] --END-- [ RunTime:0.000375s ]

[ 2016-09-24T19:01:18+08:00 ] 0.0.0.0 /DM/index.php?s=/guestbook/run_compile/id/2016-09-23+21%3A02%3A56.html
INFO: [ route_check ] --START--
INFO: CheckRoute Behavior ::run [ RunTime:0.000427s ]
INFO: [ route_check ] --END-- [ RunTime:0.000503s ]
INFO: [ app_begin ] --START--
INFO: ReadHtmlCache Behavior ::run [ RunTime:0.000375s ]
INFO: [ app_begin ] --END-- [ RunTime:0.000412s ]
NOTIC: [2048] Declaration of GuestbookAction::show() should be compatible with that of Action::show() D:\WWW\DM\Web\Lib\Action\GuestbookAction.class.php 第 14 行.
NOTIC: [2] DOMDocument::loadHTML() [<a href='domdocument.loadhtml'>domdocument.loadhtml</a>]: Tag nouse invalid in Entity, line: 1 D:\WWW\DM\Core\Extend\Vendor\Xsshtml\xsshtml.php 第 56 行.
NOTIC: [2] DOMDocument::loadHTML() [<a href='domdocument.loadhtml'>domdocument.loadhtml</a>]: Tag nouse invalid in Entity, line: 1 D:\WWW\DM\Core\Extend\Vendor\Xsshtml\xsshtml.php 第 56 行.
NOTIC: [2] htmlspecialchars() expects parameter 2 to be long, string given D:\WWW\DM\Web\Lib\Action\BaseAction.class.php 第 23 行.
NOTIC: [2] htmlspecialchars() expects parameter 2 to be long, string given D:\WWW\DM\Web\Lib\Action\BaseAction.class.php 第 23 行.
SQL: SHOW COLUMNS FROM `dami_type` [ RunTime:0.002640s ]
SQL: SHOW COLUMNS FROM `dami_article` [ RunTime:0.002381s ]
SQL: SELECT * FROM `dami_type` WHERE ( ismenu=1 ) ORDER BY drank asc  [ RunTime:0.000247s ]
SQL: SELECT * FROM `dami_type` WHERE ( fid=25 AND drank <> 0 ) ORDER BY drank asc  [ RunTime:0.000183s ]
SQL: SELECT * FROM `dami_type` WHERE ( fid=26 AND drank <> 0 ) ORDER BY drank asc  [ RunTime:0.000163s ]
NOTIC: [8] Undefined index: typeid D:\WWW\DM\Web\Lib\Action\PublicAction.class.php 第 55 行.
SQL: SELECT `typename` FROM `dami_type` WHERE ( typeid=0 ) LIMIT 1   [ RunTime:0.000093s ]
SQL: SELECT `path` FROM `dami_type` WHERE ( typeid=0 ) LIMIT 1   [ RunTime:0.000094s ]

[ 2016-09-24T19:01:21+08:00 ] 0.0.0.0 /DM/index.php?s=/guestbook/run_compile/id/2016-09-23+21%3A02%3A56.html
INFO: [ route_check ] --START--
INFO: CheckRoute Behavior ::run [ RunTime:0.000416s ]
INFO: [ route_check ] --END-- [ RunTime:0.000465s ]
INFO: [ app_begin ] --START--
INFO: ReadHtmlCache Behavior ::run [ RunTime:0.000265s ]
INFO: [ app_begin ] --END-- [ RunTime:0.000299s ]
NOTIC: [2048] Declaration of GuestbookAction::show() should be compatible with that of Action::show() D:\WWW\DM\Web\Lib\Action\GuestbookAction.class.php 第 14 行.
SQL: SHOW COLUMNS FROM `dami_type` [ RunTime:0.002408s ]
SQL: SHOW COLUMNS FROM `dami_article` [ RunTime:0.002276s ]
SQL: SELECT * FROM `dami_type` WHERE ( ismenu=1 ) ORDER BY drank asc  [ RunTime:0.000257s ]
SQL: SELECT * FROM `dami_type` WHERE ( fid=25 AND drank <> 0 ) ORDER BY drank asc  [ RunTime:0.000184s ]
SQL: SELECT * FROM `dami_type` WHERE ( fid=26 AND drank <> 0 ) ORDER BY drank asc  [ RunTime:0.000185s ]
NOTIC: [8] Undefined index: typeid D:\WWW\DM\Web\Lib\Action\PublicAction.class.php 第 55 行.
SQL: SELECT `typename` FROM `dami_type` WHERE ( typeid=0 ) LIMIT 1   [ RunTime:0.000119s ]
SQL: SELECT `path` FROM `dami_type` WHERE ( typeid=0 ) LIMIT 1   [ RunTime:0.000118s ]

[ 2016-09-24T19:05:03+08:00 ] 0.0.0.0 /DM/index.php?s=/guestbook/run_compile/id/2016-09-23+21%3A02%3A56.html
INFO: [ route_check ] --START--
INFO: CheckRoute Behavior ::run [ RunTime:0.000655s ]
INFO: [ route_check ] --END-- [ RunTime:0.000717s ]
INFO: [ app_begin ] --START--
INFO: ReadHtmlCache Behavior ::run [ RunTime:0.000391s ]
INFO: [ app_begin ] --END-- [ RunTime:0.000430s ]
NOTIC: [2048] Declaration of GuestbookAction::show() should be compatible with that of Action::show() D:\WWW\DM\Web\Lib\Action\GuestbookAction.class.php 第 14 行.
SQL: SHOW COLUMNS FROM `dami_type` [ RunTime:0.002417s ]
SQL: SHOW COLUMNS FROM `dami_article` [ RunTime:0.002195s ]
SQL: SELECT * FROM `dami_type` WHERE ( ismenu=1 ) ORDER BY drank asc  [ RunTime:0.000261s ]
SQL: SELECT * FROM `dami_type` WHERE ( fid=25 AND drank <> 0 ) ORDER BY drank asc  [ RunTime:0.000191s ]
SQL: SELECT * FROM `dami_type` WHERE ( fid=26 AND drank <> 0 ) ORDER BY drank asc  [ RunTime:0.000175s ]
NOTIC: [8] Undefined index: typeid D:\WWW\DM\Web\Lib\Action\PublicAction.class.php 第 55 行.
SQL: SELECT `typename` FROM `dami_type` WHERE ( typeid=0 ) LIMIT 1   [ RunTime:0.000126s ]
SQL: SELECT `path` FROM `dami_type` WHERE ( typeid=0 ) LIMIT 1   [ RunTime:0.000116s ]

[ 2016-09-24T19:05:06+08:00 ] 0.0.0.0 /DM/index.php?m=Guestbook&a=compile&id=2016-09-23%2021:02:56
INFO: [ app_begin ] --START--
INFO: ReadHtmlCache Behavior ::run [ RunTime:0.000278s ]
INFO: [ app_begin ] --END-- [ RunTime:0.000325s ]
NOTIC: [2048] Declaration of GuestbookAction::show() should be compatible with that of Action::show() D:\WWW\DM\Web\Lib\Action\GuestbookAction.class.php 第 14 行.
SQL: SHOW COLUMNS FROM `dami_type` [ RunTime:0.007993s ]
SQL: SHOW COLUMNS FROM `dami_article` [ RunTime:0.057640s ]
SQL: SELECT * FROM `dami_type` WHERE ( ismenu=1 ) ORDER BY drank asc  [ RunTime:0.000275s ]
SQL: SELECT * FROM `dami_type` WHERE ( fid=25 AND drank <> 0 ) ORDER BY drank asc  [ RunTime:0.000231s ]
SQL: SELECT * FROM `dami_type` WHERE ( fid=26 AND drank <> 0 ) ORDER BY drank asc  [ RunTime:0.000188s ]
NOTIC: [8] Undefined index: typeid D:\WWW\DM\Web\Lib\Action\PublicAction.class.php 第 55 行.
SQL: SELECT `typename` FROM `dami_type` WHERE ( typeid=0 ) LIMIT 1   [ RunTime:0.000125s ]
SQL: SELECT `path` FROM `dami_type` WHERE ( typeid=0 ) LIMIT 1   [ RunTime:0.000118s ]
INFO: [ view_parse ] --START--
INFO: ParseTemplate Behavior ::run [ RunTime:0.006061s ]
INFO: [ view_parse ] --END-- [ RunTime:0.006160s ]
INFO: [ view_filter ] --START--
INFO: ContentReplace Behavior ::run [ RunTime:0.000471s ]
INFO: TokenBuild Behavior ::run [ RunTime:0.000276s ]
INFO: WriteHtmlCache Behavior ::run [ RunTime:0.000268s ]
INFO: ShowRuntime Behavior ::run [ RunTime:0.000461s ]
INFO: [ view_filter ] --END-- [ RunTime:0.001590s ]
INFO: [ view_end ] --START--
INFO: ShowPageTrace Behavior ::run [ RunTime:0.000388s ]
INFO: [ view_end ] --END-- [ RunTime:0.000418s ]

[ 2016-09-24T19:05:09+08:00 ] 0.0.0.0 /DM/index.php?s=/guestbook/run_compile/id/2016-09-23+21%3A02%3A56.html
INFO: [ route_check ] --START--
INFO: CheckRoute Behavior ::run [ RunTime:0.000456s ]
INFO: [ route_check ] --END-- [ RunTime:0.000511s ]
INFO: [ app_begin ] --START--
INFO: ReadHtmlCache Behavior ::run [ RunTime:0.000272s ]
INFO: [ app_begin ] --END-- [ RunTime:0.000307s ]
NOTIC: [2048] Declaration of GuestbookAction::show() should be compatible with that of Action::show() D:\WWW\DM\Web\Lib\Action\GuestbookAction.class.php 第 14 行.
NOTIC: [2] DOMDocument::loadHTML() [<a href='domdocument.loadhtml'>domdocument.loadhtml</a>]: Tag nouse invalid in Entity, line: 1 D:\WWW\DM\Core\Extend\Vendor\Xsshtml\xsshtml.php 第 56 行.
NOTIC: [2] DOMDocument::loadHTML() [<a href='domdocument.loadhtml'>domdocument.loadhtml</a>]: Tag nouse invalid in Entity, line: 1 D:\WWW\DM\Core\Extend\Vendor\Xsshtml\xsshtml.php 第 56 行.
NOTIC: [2] htmlspecialchars() expects parameter 2 to be long, string given D:\WWW\DM\Web\Lib\Action\BaseAction.class.php 第 23 行.
NOTIC: [2] htmlspecialchars() expects parameter 2 to be long, string given D:\WWW\DM\Web\Lib\Action\BaseAction.class.php 第 23 行.
SQL: SHOW COLUMNS FROM `dami_type` [ RunTime:0.067507s ]
SQL: SHOW COLUMNS FROM `dami_article` [ RunTime:0.068716s ]
SQL: SELECT * FROM `dami_type` WHERE ( ismenu=1 ) ORDER BY drank asc  [ RunTime:0.000245s ]
SQL: SELECT * FROM `dami_type` WHERE ( fid=25 AND drank <> 0 ) ORDER BY drank asc  [ RunTime:0.000157s ]
SQL: SELECT * FROM `dami_type` WHERE ( fid=26 AND drank <> 0 ) ORDER BY drank asc  [ RunTime:0.000189s ]
NOTIC: [8] Undefined index: typeid D:\WWW\DM\Web\Lib\Action\PublicAction.class.php 第 55 行.
SQL: SELECT `typename` FROM `dami_type` WHERE ( typeid=0 ) LIMIT 1   [ RunTime:0.000122s ]
SQL: SELECT `path` FROM `dami_type` WHERE ( typeid=0 ) LIMIT 1   [ RunTime:0.000116s ]

[ 2016-09-24T19:05:25+08:00 ] 0.0.0.0 /DM/index.php?s=/guestbook/run_compile/id/2016-09-23+21%3A02%3A56.html
INFO: [ route_check ] --START--
INFO: CheckRoute Behavior ::run [ RunTime:0.000488s ]
INFO: [ route_check ] --END-- [ RunTime:0.000548s ]
INFO: [ app_begin ] --START--
INFO: ReadHtmlCache Behavior ::run [ RunTime:0.000300s ]
INFO: [ app_begin ] --END-- [ RunTime:0.000334s ]
NOTIC: [2048] Declaration of GuestbookAction::show() should be compatible with that of Action::show() D:\WWW\DM\Web\Lib\Action\GuestbookAction.class.php 第 14 行.
SQL: SHOW COLUMNS FROM `dami_type` [ RunTime:0.002501s ]
SQL: SHOW COLUMNS FROM `dami_article` [ RunTime:0.002400s ]
SQL: SELECT * FROM `dami_type` WHERE ( ismenu=1 ) ORDER BY drank asc  [ RunTime:0.000286s ]
SQL: SELECT * FROM `dami_type` WHERE ( fid=25 AND drank <> 0 ) ORDER BY drank asc  [ RunTime:0.000209s ]
SQL: SELECT * FROM `dami_type` WHERE ( fid=26 AND drank <> 0 ) ORDER BY drank asc  [ RunTime:0.000223s ]
NOTIC: [8] Undefined index: typeid D:\WWW\DM\Web\Lib\Action\PublicAction.class.php 第 55 行.
SQL: SELECT `typename` FROM `dami_type` WHERE ( typeid=0 ) LIMIT 1   [ RunTime:0.000134s ]
SQL: SELECT `path` FROM `dami_type` WHERE ( typeid=0 ) LIMIT 1   [ RunTime:0.000114s ]

[ 2016-09-24T19:05:51+08:00 ] 0.0.0.0 /DM/index.php?m=Guestbook&a=compile&id=2016-09-23%2021:02:56
INFO: [ app_begin ] --START--
INFO: ReadHtmlCache Behavior ::run [ RunTime:0.000337s ]
INFO: [ app_begin ] --END-- [ RunTime:0.000389s ]
NOTIC: [2048] Declaration of GuestbookAction::show() should be compatible with that of Action::show() D:\WWW\DM\Web\Lib\Action\GuestbookAction.class.php 第 14 行.
SQL: SHOW COLUMNS FROM `dami_type` [ RunTime:0.002804s ]
SQL: SHOW COLUMNS FROM `dami_article` [ RunTime:0.002495s ]
SQL: SELECT * FROM `dami_type` WHERE ( ismenu=1 ) ORDER BY drank asc  [ RunTime:0.000273s ]
SQL: SELECT * FROM `dami_type` WHERE ( fid=25 AND drank <> 0 ) ORDER BY drank asc  [ RunTime:0.000175s ]
SQL: SELECT * FROM `dami_type` WHERE ( fid=26 AND drank <> 0 ) ORDER BY drank asc  [ RunTime:0.000164s ]
NOTIC: [8] Undefined index: typeid D:\WWW\DM\Web\Lib\Action\PublicAction.class.php 第 55 行.
SQL: SELECT `typename` FROM `dami_type` WHERE ( typeid=0 ) LIMIT 1   [ RunTime:0.000106s ]
SQL: SELECT `path` FROM `dami_type` WHERE ( typeid=0 ) LIMIT 1   [ RunTime:0.000099s ]
INFO: [ view_parse ] --START--
INFO: ParseTemplate Behavior ::run [ RunTime:0.004581s ]
INFO: [ view_parse ] --END-- [ RunTime:0.004625s ]
INFO: [ view_filter ] --START--
INFO: ContentReplace Behavior ::run [ RunTime:0.000318s ]
INFO: TokenBuild Behavior ::run [ RunTime:0.000242s ]
INFO: WriteHtmlCache Behavior ::run [ RunTime:0.000158s ]
INFO: ShowRuntime Behavior ::run [ RunTime:0.000234s ]
INFO: [ view_filter ] --END-- [ RunTime:0.001045s ]
INFO: [ view_end ] --START--
INFO: ShowPageTrace Behavior ::run [ RunTime:0.000311s ]
INFO: [ view_end ] --END-- [ RunTime:0.000342s ]

[ 2016-09-24T19:05:56+08:00 ] 0.0.0.0 /DM/index.php?s=/guestbook/run_compile/id/2016-09-23+21%3A02%3A56.html
INFO: [ route_check ] --START--
INFO: CheckRoute Behavior ::run [ RunTime:0.000459s ]
INFO: [ route_check ] --END-- [ RunTime:0.000513s ]
INFO: [ app_begin ] --START--
INFO: ReadHtmlCache Behavior ::run [ RunTime:0.000294s ]
INFO: [ app_begin ] --END-- [ RunTime:0.000327s ]
NOTIC: [2048] Declaration of GuestbookAction::show() should be compatible with that of Action::show() D:\WWW\DM\Web\Lib\Action\GuestbookAction.class.php 第 14 行.
NOTIC: [2] DOMDocument::loadHTML() [<a href='domdocument.loadhtml'>domdocument.loadhtml</a>]: Tag nouse invalid in Entity, line: 1 D:\WWW\DM\Core\Extend\Vendor\Xsshtml\xsshtml.php 第 56 行.
NOTIC: [2] DOMDocument::loadHTML() [<a href='domdocument.loadhtml'>domdocument.loadhtml</a>]: Tag nouse invalid in Entity, line: 1 D:\WWW\DM\Core\Extend\Vendor\Xsshtml\xsshtml.php 第 56 行.
NOTIC: [2] htmlspecialchars() expects parameter 2 to be long, string given D:\WWW\DM\Web\Lib\Action\BaseAction.class.php 第 23 行.
NOTIC: [2] htmlspecialchars() expects parameter 2 to be long, string given D:\WWW\DM\Web\Lib\Action\BaseAction.class.php 第 23 行.
SQL: SHOW COLUMNS FROM `dami_type` [ RunTime:0.002539s ]
SQL: SHOW COLUMNS FROM `dami_article` [ RunTime:0.002362s ]
SQL: SELECT * FROM `dami_type` WHERE ( ismenu=1 ) ORDER BY drank asc  [ RunTime:0.000359s ]
SQL: SELECT * FROM `dami_type` WHERE ( fid=25 AND drank <> 0 ) ORDER BY drank asc  [ RunTime:0.000209s ]
SQL: SELECT * FROM `dami_type` WHERE ( fid=26 AND drank <> 0 ) ORDER BY drank asc  [ RunTime:0.000188s ]
NOTIC: [8] Undefined index: typeid D:\WWW\DM\Web\Lib\Action\PublicAction.class.php 第 55 行.
SQL: SELECT `typename` FROM `dami_type` WHERE ( typeid=0 ) LIMIT 1   [ RunTime:0.000128s ]
SQL: SELECT `path` FROM `dami_type` WHERE ( typeid=0 ) LIMIT 1   [ RunTime:0.000134s ]

[ 2016-09-24T19:06:08+08:00 ] 0.0.0.0 /DM/index.php?s=guestbook/run_compile/id/2016-09-23+21%3A02%3A56.html
INFO: [ route_check ] --START--
INFO: CheckRoute Behavior ::run [ RunTime:0.000551s ]
INFO: [ route_check ] --END-- [ RunTime:0.000624s ]
INFO: [ app_begin ] --START--
INFO: ReadHtmlCache Behavior ::run [ RunTime:0.000358s ]
INFO: [ app_begin ] --END-- [ RunTime:0.000415s ]
NOTIC: [2048] Declaration of GuestbookAction::show() should be compatible with that of Action::show() D:\WWW\DM\Web\Lib\Action\GuestbookAction.class.php 第 14 行.
SQL: SHOW COLUMNS FROM `dami_type` [ RunTime:0.002528s ]
SQL: SHOW COLUMNS FROM `dami_article` [ RunTime:0.002563s ]
SQL: SELECT * FROM `dami_type` WHERE ( ismenu=1 ) ORDER BY drank asc  [ RunTime:0.000292s ]
SQL: SELECT * FROM `dami_type` WHERE ( fid=25 AND drank <> 0 ) ORDER BY drank asc  [ RunTime:0.000206s ]
SQL: SELECT * FROM `dami_type` WHERE ( fid=26 AND drank <> 0 ) ORDER BY drank asc  [ RunTime:0.000223s ]
NOTIC: [8] Undefined index: typeid D:\WWW\DM\Web\Lib\Action\PublicAction.class.php 第 55 行.
SQL: SELECT `typename` FROM `dami_type` WHERE ( typeid=0 ) LIMIT 1   [ RunTime:0.000143s ]
SQL: SELECT `path` FROM `dami_type` WHERE ( typeid=0 ) LIMIT 1   [ RunTime:0.000143s ]

[ 2016-09-24T19:06:16+08:00 ] 0.0.0.0 /DM/index.php?s=/guestbook/run_compile/id/2016-09-23+21%3A02%3A56.html
INFO: [ route_check ] --START--
INFO: CheckRoute Behavior ::run [ RunTime:0.000489s ]
INFO: [ route_check ] --END-- [ RunTime:0.000550s ]
INFO: [ app_begin ] --START--
INFO: ReadHtmlCache Behavior ::run [ RunTime:0.000330s ]
INFO: [ app_begin ] --END-- [ RunTime:0.000385s ]
NOTIC: [2048] Declaration of GuestbookAction::show() should be compatible with that of Action::show() D:\WWW\DM\Web\Lib\Action\GuestbookAction.class.php 第 14 行.
SQL: SHOW COLUMNS FROM `dami_type` [ RunTime:0.002457s ]
SQL: SHOW COLUMNS FROM `dami_article` [ RunTime:0.002293s ]
SQL: SELECT * FROM `dami_type` WHERE ( ismenu=1 ) ORDER BY drank asc  [ RunTime:0.000368s ]
SQL: SELECT * FROM `dami_type` WHERE ( fid=25 AND drank <> 0 ) ORDER BY drank asc  [ RunTime:0.000256s ]
SQL: SELECT * FROM `dami_type` WHERE ( fid=26 AND drank <> 0 ) ORDER BY drank asc  [ RunTime:0.000210s ]
NOTIC: [8] Undefined index: typeid D:\WWW\DM\Web\Lib\Action\PublicAction.class.php 第 55 行.
SQL: SELECT `typename` FROM `dami_type` WHERE ( typeid=0 ) LIMIT 1   [ RunTime:0.000125s ]
SQL: SELECT `path` FROM `dami_type` WHERE ( typeid=0 ) LIMIT 1   [ RunTime:0.000128s ]

[ 2016-09-24T19:06:17+08:00 ] 0.0.0.0 /DM/index.php?s=/guestbook/run_compile/id/2016-09-23+21%3A02%3A56.html
INFO: [ route_check ] --START--
INFO: CheckRoute Behavior ::run [ RunTime:0.000726s ]
INFO: [ route_check ] --END-- [ RunTime:0.000810s ]
INFO: [ app_begin ] --START--
INFO: ReadHtmlCache Behavior ::run [ RunTime:0.000496s ]
INFO: [ app_begin ] --END-- [ RunTime:0.000532s ]
NOTIC: [2048] Declaration of GuestbookAction::show() should be compatible with that of Action::show() D:\WWW\DM\Web\Lib\Action\GuestbookAction.class.php 第 14 行.
SQL: SHOW COLUMNS FROM `dami_type` [ RunTime:0.002702s ]
SQL: SHOW COLUMNS FROM `dami_article` [ RunTime:0.002672s ]
SQL: SELECT * FROM `dami_type` WHERE ( ismenu=1 ) ORDER BY drank asc  [ RunTime:0.000288s ]
SQL: SELECT * FROM `dami_type` WHERE ( fid=25 AND drank <> 0 ) ORDER BY drank asc  [ RunTime:0.000233s ]
SQL: SELECT * FROM `dami_type` WHERE ( fid=26 AND drank <> 0 ) ORDER BY drank asc  [ RunTime:0.000230s ]
NOTIC: [8] Undefined index: typeid D:\WWW\DM\Web\Lib\Action\PublicAction.class.php 第 55 行.
SQL: SELECT `typename` FROM `dami_type` WHERE ( typeid=0 ) LIMIT 1   [ RunTime:0.000114s ]
SQL: SELECT `path` FROM `dami_type` WHERE ( typeid=0 ) LIMIT 1   [ RunTime:0.000095s ]

[ 2016-09-24T19:06:27+08:00 ] 0.0.0.0 /DM/index.php?s=guestbook
INFO: [ route_check ] --START--
INFO: CheckRoute Behavior ::run [ RunTime:0.000661s ]
INFO: [ route_check ] --END-- [ RunTime:0.000717s ]
INFO: [ app_begin ] --START--
INFO: ReadHtmlCache Behavior ::run [ RunTime:0.000507s ]
INFO: [ app_begin ] --END-- [ RunTime:0.000545s ]
NOTIC: [2048] Declaration of GuestbookAction::show() should be compatible with that of Action::show() D:\WWW\DM\Web\Lib\Action\GuestbookAction.class.php 第 14 行.
SQL: SHOW COLUMNS FROM `dami_type` [ RunTime:0.002635s ]
SQL: SHOW COLUMNS FROM `dami_article` [ RunTime:0.002226s ]
SQL: SELECT * FROM `dami_type` WHERE ( ismenu=1 ) ORDER BY drank asc  [ RunTime:0.000235s ]
SQL: SELECT * FROM `dami_type` WHERE ( fid=25 AND drank <> 0 ) ORDER BY drank asc  [ RunTime:0.000177s ]
SQL: SELECT * FROM `dami_type` WHERE ( fid=26 AND drank <> 0 ) ORDER BY drank asc  [ RunTime:0.000199s ]
NOTIC: [8] Undefined index: typeid D:\WWW\DM\Web\Lib\Action\PublicAction.class.php 第 55 行.
SQL: SELECT `typename` FROM `dami_type` WHERE ( typeid=0 ) LIMIT 1   [ RunTime:0.000114s ]
SQL: SELECT `path` FROM `dami_type` WHERE ( typeid=0 ) LIMIT 1   [ RunTime:0.000112s ]
INFO: [ view_parse ] --START--
INFO: ParseTemplate Behavior ::run [ RunTime:0.006450s ]
INFO: [ view_parse ] --END-- [ RunTime:0.006512s ]
INFO: [ view_filter ] --START--
INFO: ContentReplace Behavior ::run [ RunTime:0.000430s ]
INFO: TokenBuild Behavior ::run [ RunTime:0.000422s ]
INFO: WriteHtmlCache Behavior ::run [ RunTime:0.000363s ]
INFO: ShowRuntime Behavior ::run [ RunTime:0.000496s ]
INFO: [ view_filter ] --END-- [ RunTime:0.001816s ]
INFO: [ view_end ] --START--
INFO: ShowPageTrace Behavior ::run [ RunTime:0.000664s ]
INFO: [ view_end ] --END-- [ RunTime:0.000716s ]

[ 2016-09-24T19:06:28+08:00 ] 0.0.0.0 /DM/index.php?m=Guestbook&a=show&page=1
INFO: [ app_begin ] --START--
INFO: ReadHtmlCache Behavior ::run [ RunTime:0.000506s ]
INFO: [ app_begin ] --END-- [ RunTime:0.000552s ]
NOTIC: [2048] Declaration of GuestbookAction::show() should be compatible with that of Action::show() D:\WWW\DM\Web\Lib\Action\GuestbookAction.class.php 第 14 行.
SQL: SHOW COLUMNS FROM `dami_type` [ RunTime:0.002445s ]
SQL: SHOW COLUMNS FROM `dami_article` [ RunTime:0.002267s ]
SQL: SELECT * FROM `dami_type` WHERE ( ismenu=1 ) ORDER BY drank asc  [ RunTime:0.000256s ]
SQL: SELECT * FROM `dami_type` WHERE ( fid=25 AND drank <> 0 ) ORDER BY drank asc  [ RunTime:0.000188s ]
SQL: SELECT * FROM `dami_type` WHERE ( fid=26 AND drank <> 0 ) ORDER BY drank asc  [ RunTime:0.000182s ]
NOTIC: [8] Undefined index: typeid D:\WWW\DM\Web\Lib\Action\PublicAction.class.php 第 55 行.
SQL: SELECT `typename` FROM `dami_type` WHERE ( typeid=0 ) LIMIT 1   [ RunTime:0.000120s ]
SQL: SELECT `path` FROM `dami_type` WHERE ( typeid=0 ) LIMIT 1   [ RunTime:0.000116s ]
SQL: SHOW COLUMNS FROM `dami_guestbook` [ RunTime:0.002063s ]
SQL: SELECT * FROM `dami_guestbook` WHERE ( `status` = 1 )  [ RunTime:0.000147s ]
SQL: SELECT COUNT(*) AS tp_count FROM `dami_guestbook` WHERE ( `status` = 1 ) LIMIT 1   [ RunTime:0.000180s ]
SQL: SELECT * FROM `dami_guestbook` WHERE ( `status` = 1 ) ORDER BY addtime desc LIMIT 0,5   [ RunTime:0.000177s ]
INFO: [ view_parse ] --START--
INFO: ParseTemplate Behavior ::run [ RunTime:0.006406s ]
INFO: [ view_parse ] --END-- [ RunTime:0.006448s ]
INFO: [ view_filter ] --START--
INFO: ContentReplace Behavior ::run [ RunTime:0.000520s ]
INFO: TokenBuild Behavior ::run [ RunTime:0.000414s ]
INFO: WriteHtmlCache Behavior ::run [ RunTime:0.000442s ]
INFO: ShowRuntime Behavior ::run [ RunTime:0.000491s ]
INFO: [ view_filter ] --END-- [ RunTime:0.001952s ]
INFO: [ view_end ] --START--
INFO: ShowPageTrace Behavior ::run [ RunTime:0.000517s ]
INFO: [ view_end ] --END-- [ RunTime:0.000546s ]

[ 2016-09-24T19:06:32+08:00 ] 0.0.0.0 /DM/index.php?m=Guestbook&a=compile&id=2016-09-23%2021:02:56
INFO: [ app_begin ] --START--
INFO: ReadHtmlCache Behavior ::run [ RunTime:0.000480s ]
INFO: [ app_begin ] --END-- [ RunTime:0.000523s ]
NOTIC: [2048] Declaration of GuestbookAction::show() should be compatible with that of Action::show() D:\WWW\DM\Web\Lib\Action\GuestbookAction.class.php 第 14 行.
SQL: SHOW COLUMNS FROM `dami_type` [ RunTime:0.002779s ]
SQL: SHOW COLUMNS FROM `dami_article` [ RunTime:0.002313s ]
SQL: SELECT * FROM `dami_type` WHERE ( ismenu=1 ) ORDER BY drank asc  [ RunTime:0.000243s ]
SQL: SELECT * FROM `dami_type` WHERE ( fid=25 AND drank <> 0 ) ORDER BY drank asc  [ RunTime:0.000175s ]
SQL: SELECT * FROM `dami_type` WHERE ( fid=26 AND drank <> 0 ) ORDER BY drank asc  [ RunTime:0.000163s ]
NOTIC: [8] Undefined index: typeid D:\WWW\DM\Web\Lib\Action\PublicAction.class.php 第 55 行.
SQL: SELECT `typename` FROM `dami_type` WHERE ( typeid=0 ) LIMIT 1   [ RunTime:0.000118s ]
SQL: SELECT `path` FROM `dami_type` WHERE ( typeid=0 ) LIMIT 1   [ RunTime:0.000109s ]
INFO: [ view_parse ] --START--
INFO: ParseTemplate Behavior ::run [ RunTime:0.006767s ]
INFO: [ view_parse ] --END-- [ RunTime:0.006827s ]
INFO: [ view_filter ] --START--
INFO: ContentReplace Behavior ::run [ RunTime:0.000504s ]
INFO: TokenBuild Behavior ::run [ RunTime:0.000405s ]
INFO: WriteHtmlCache Behavior ::run [ RunTime:0.000357s ]
INFO: ShowRuntime Behavior ::run [ RunTime:0.000560s ]
INFO: [ view_filter ] --END-- [ RunTime:0.001921s ]
INFO: [ view_end ] --START--
INFO: ShowPageTrace Behavior ::run [ RunTime:0.000709s ]
INFO: [ view_end ] --END-- [ RunTime:0.000744s ]

[ 2016-09-24T19:06:38+08:00 ] 0.0.0.0 /DM/index.php?s=/guestbook/run_compile/id/2016-09-23+21%3A02%3A56.html
INFO: [ route_check ] --START--
INFO: CheckRoute Behavior ::run [ RunTime:0.000675s ]
INFO: [ route_check ] --END-- [ RunTime:0.000725s ]
INFO: [ app_begin ] --START--
INFO: ReadHtmlCache Behavior ::run [ RunTime:0.000487s ]
INFO: [ app_begin ] --END-- [ RunTime:0.000522s ]
NOTIC: [2048] Declaration of GuestbookAction::show() should be compatible with that of Action::show() D:\WWW\DM\Web\Lib\Action\GuestbookAction.class.php 第 14 行.
NOTIC: [2] DOMDocument::loadHTML() [<a href='domdocument.loadhtml'>domdocument.loadhtml</a>]: Tag nouse invalid in Entity, line: 1 D:\WWW\DM\Core\Extend\Vendor\Xsshtml\xsshtml.php 第 56 行.
NOTIC: [2] DOMDocument::loadHTML() [<a href='domdocument.loadhtml'>domdocument.loadhtml</a>]: Tag nouse invalid in Entity, line: 1 D:\WWW\DM\Core\Extend\Vendor\Xsshtml\xsshtml.php 第 56 行.
NOTIC: [2] htmlspecialchars() expects parameter 2 to be long, string given D:\WWW\DM\Web\Lib\Action\BaseAction.class.php 第 23 行.
NOTIC: [2] htmlspecialchars() expects parameter 2 to be long, string given D:\WWW\DM\Web\Lib\Action\BaseAction.class.php 第 23 行.
SQL: SHOW COLUMNS FROM `dami_type` [ RunTime:0.003064s ]
SQL: SHOW COLUMNS FROM `dami_article` [ RunTime:0.002264s ]
SQL: SELECT * FROM `dami_type` WHERE ( ismenu=1 ) ORDER BY drank asc  [ RunTime:0.000239s ]
SQL: SELECT * FROM `dami_type` WHERE ( fid=25 AND drank <> 0 ) ORDER BY drank asc  [ RunTime:0.000206s ]
SQL: SELECT * FROM `dami_type` WHERE ( fid=26 AND drank <> 0 ) ORDER BY drank asc  [ RunTime:0.000186s ]
NOTIC: [8] Undefined index: typeid D:\WWW\DM\Web\Lib\Action\PublicAction.class.php 第 55 行.
SQL: SELECT `typename` FROM `dami_type` WHERE ( typeid=0 ) LIMIT 1   [ RunTime:0.000122s ]
SQL: SELECT `path` FROM `dami_type` WHERE ( typeid=0 ) LIMIT 1   [ RunTime:0.000121s ]

[ 2016-09-24T19:07:09+08:00 ] 0.0.0.0 /DM/index.php?s=/guestbook/
INFO: [ route_check ] --START--
INFO: CheckRoute Behavior ::run [ RunTime:0.000730s ]
INFO: [ route_check ] --END-- [ RunTime:0.000793s ]
NOTIC: [8] Undefined index: HTTP_VIA D:\WWW\DM\Core\Common\functions.php 第 117 行.
INFO: [ app_begin ] --START--
INFO: ReadHtmlCache Behavior ::run [ RunTime:0.000521s ]
INFO: [ app_begin ] --END-- [ RunTime:0.000558s ]
NOTIC: [2048] Declaration of GuestbookAction::show() should be compatible with that of Action::show() D:\WWW\DM\Web\Lib\Action\GuestbookAction.class.php 第 14 行.
SQL: SHOW COLUMNS FROM `dami_config` [ RunTime:0.003162s ]
SQL: SELECT * FROM `dami_config` LIMIT 1   [ RunTime:0.000321s ]
SQL: SHOW COLUMNS FROM `dami_type` [ RunTime:0.002530s ]
SQL: SHOW COLUMNS FROM `dami_article` [ RunTime:0.002324s ]
SQL: SELECT * FROM `dami_type` WHERE ( ismenu=1 ) ORDER BY drank asc  [ RunTime:0.000228s ]
SQL: SELECT * FROM `dami_type` WHERE ( fid=25 AND drank <> 0 ) ORDER BY drank asc  [ RunTime:0.000181s ]
SQL: SELECT * FROM `dami_type` WHERE ( fid=26 AND drank <> 0 ) ORDER BY drank asc  [ RunTime:0.000164s ]
NOTIC: [8] Undefined index: typeid D:\WWW\DM\Web\Lib\Action\PublicAction.class.php 第 55 行.
SQL: SELECT `typename` FROM `dami_type` WHERE ( typeid=0 ) LIMIT 1   [ RunTime:0.000114s ]
SQL: SELECT `path` FROM `dami_type` WHERE ( typeid=0 ) LIMIT 1   [ RunTime:0.000127s ]
INFO: [ view_parse ] --START--
INFO: ParseTemplate Behavior ::run [ RunTime:0.005817s ]
INFO: [ view_parse ] --END-- [ RunTime:0.005864s ]
INFO: [ view_filter ] --START--
INFO: ContentReplace Behavior ::run [ RunTime:0.000412s ]
INFO: TokenBuild Behavior ::run [ RunTime:0.000437s ]
INFO: WriteHtmlCache Behavior ::run [ RunTime:0.000390s ]
INFO: ShowRuntime Behavior ::run [ RunTime:0.000552s ]
INFO: [ view_filter ] --END-- [ RunTime:0.001883s ]
INFO: [ view_end ] --START--
INFO: ShowPageTrace Behavior ::run [ RunTime:0.000800s ]
INFO: [ view_end ] --END-- [ RunTime:0.000834s ]

[ 2016-09-24T19:07:11+08:00 ] 0.0.0.0 /DM/index.php?m=Guestbook&a=show&page=1
INFO: [ app_begin ] --START--
INFO: ReadHtmlCache Behavior ::run [ RunTime:0.000489s ]
INFO: [ app_begin ] --END-- [ RunTime:0.000538s ]
NOTIC: [2048] Declaration of GuestbookAction::show() should be compatible with that of Action::show() D:\WWW\DM\Web\Lib\Action\GuestbookAction.class.php 第 14 行.
SQL: SHOW COLUMNS FROM `dami_type` [ RunTime:0.002625s ]
SQL: SHOW COLUMNS FROM `dami_article` [ RunTime:0.002222s ]
SQL: SELECT * FROM `dami_type` WHERE ( ismenu=1 ) ORDER BY drank asc  [ RunTime:0.000253s ]
SQL: SELECT * FROM `dami_type` WHERE ( fid=25 AND drank <> 0 ) ORDER BY drank asc  [ RunTime:0.000186s ]
SQL: SELECT * FROM `dami_type` WHERE ( fid=26 AND drank <> 0 ) ORDER BY drank asc  [ RunTime:0.000185s ]
NOTIC: [8] Undefined index: typeid D:\WWW\DM\Web\Lib\Action\PublicAction.class.php 第 55 行.
SQL: SELECT `typename` FROM `dami_type` WHERE ( typeid=0 ) LIMIT 1   [ RunTime:0.000119s ]
SQL: SELECT `path` FROM `dami_type` WHERE ( typeid=0 ) LIMIT 1   [ RunTime:0.000130s ]
SQL: SHOW COLUMNS FROM `dami_guestbook` [ RunTime:0.002893s ]
SQL: SELECT * FROM `dami_guestbook` WHERE ( `status` = 1 )  [ RunTime:0.000145s ]
SQL: SELECT COUNT(*) AS tp_count FROM `dami_guestbook` WHERE ( `status` = 1 ) LIMIT 1   [ RunTime:0.000131s ]
SQL: SELECT * FROM `dami_guestbook` WHERE ( `status` = 1 ) ORDER BY addtime desc LIMIT 0,5   [ RunTime:0.000179s ]
INFO: [ view_parse ] --START--
INFO: ParseTemplate Behavior ::run [ RunTime:0.005783s ]
INFO: [ view_parse ] --END-- [ RunTime:0.005874s ]
INFO: [ view_filter ] --START--
INFO: ContentReplace Behavior ::run [ RunTime:0.000458s ]
INFO: TokenBuild Behavior ::run [ RunTime:0.000303s ]
INFO: WriteHtmlCache Behavior ::run [ RunTime:0.000249s ]
INFO: ShowRuntime Behavior ::run [ RunTime:0.000345s ]
INFO: [ view_filter ] --END-- [ RunTime:0.001471s ]
INFO: [ view_end ] --START--
INFO: ShowPageTrace Behavior ::run [ RunTime:0.000411s ]
INFO: [ view_end ] --END-- [ RunTime:0.000445s ]

[ 2016-09-24T19:07:22+08:00 ] 0.0.0.0 /DM/index.php?s=guestbook/
INFO: [ route_check ] --START--
INFO: CheckRoute Behavior ::run [ RunTime:0.000506s ]
INFO: [ route_check ] --END-- [ RunTime:0.000559s ]
INFO: [ app_begin ] --START--
INFO: ReadHtmlCache Behavior ::run [ RunTime:0.000302s ]
INFO: [ app_begin ] --END-- [ RunTime:0.000337s ]
NOTIC: [2048] Declaration of GuestbookAction::show() should be compatible with that of Action::show() D:\WWW\DM\Web\Lib\Action\GuestbookAction.class.php 第 14 行.
SQL: SHOW COLUMNS FROM `dami_type` [ RunTime:0.002815s ]
SQL: SHOW COLUMNS FROM `dami_article` [ RunTime:0.002197s ]
SQL: SELECT * FROM `dami_type` WHERE ( ismenu=1 ) ORDER BY drank asc  [ RunTime:0.000259s ]
SQL: SELECT * FROM `dami_type` WHERE ( fid=25 AND drank <> 0 ) ORDER BY drank asc  [ RunTime:0.000180s ]
SQL: SELECT * FROM `dami_type` WHERE ( fid=26 AND drank <> 0 ) ORDER BY drank asc  [ RunTime:0.000186s ]
NOTIC: [8] Undefined index: typeid D:\WWW\DM\Web\Lib\Action\PublicAction.class.php 第 55 行.
SQL: SELECT `typename` FROM `dami_type` WHERE ( typeid=0 ) LIMIT 1   [ RunTime:0.000121s ]
SQL: SELECT `path` FROM `dami_type` WHERE ( typeid=0 ) LIMIT 1   [ RunTime:0.000124s ]
INFO: [ view_parse ] --START--
INFO: ParseTemplate Behavior ::run [ RunTime:0.004415s ]
INFO: [ view_parse ] --END-- [ RunTime:0.004460s ]
INFO: [ view_filter ] --START--
INFO: ContentReplace Behavior ::run [ RunTime:0.000314s ]
INFO: TokenBuild Behavior ::run [ RunTime:0.000236s ]
INFO: WriteHtmlCache Behavior ::run [ RunTime:0.000190s ]
INFO: ShowRuntime Behavior ::run [ RunTime:0.000233s ]
INFO: [ view_filter ] --END-- [ RunTime:0.001060s ]
INFO: [ view_end ] --START--
INFO: ShowPageTrace Behavior ::run [ RunTime:0.000331s ]
INFO: [ view_end ] --END-- [ RunTime:0.000361s ]

[ 2016-09-24T19:07:23+08:00 ] 0.0.0.0 /DM/index.php?m=Guestbook&a=show&page=1
INFO: [ app_begin ] --START--
INFO: ReadHtmlCache Behavior ::run [ RunTime:0.000374s ]
INFO: [ app_begin ] --END-- [ RunTime:0.000430s ]
NOTIC: [2048] Declaration of GuestbookAction::show() should be compatible with that of Action::show() D:\WWW\DM\Web\Lib\Action\GuestbookAction.class.php 第 14 行.
SQL: SHOW COLUMNS FROM `dami_type` [ RunTime:0.002430s ]
SQL: SHOW COLUMNS FROM `dami_article` [ RunTime:0.002227s ]
SQL: SELECT * FROM `dami_type` WHERE ( ismenu=1 ) ORDER BY drank asc  [ RunTime:0.000239s ]
SQL: SELECT * FROM `dami_type` WHERE ( fid=25 AND drank <> 0 ) ORDER BY drank asc  [ RunTime:0.000191s ]
SQL: SELECT * FROM `dami_type` WHERE ( fid=26 AND drank <> 0 ) ORDER BY drank asc  [ RunTime:0.000193s ]
NOTIC: [8] Undefined index: typeid D:\WWW\DM\Web\Lib\Action\PublicAction.class.php 第 55 行.
SQL: SELECT `typename` FROM `dami_type` WHERE ( typeid=0 ) LIMIT 1   [ RunTime:0.000118s ]
SQL: SELECT `path` FROM `dami_type` WHERE ( typeid=0 ) LIMIT 1   [ RunTime:0.000116s ]
SQL: SHOW COLUMNS FROM `dami_guestbook` [ RunTime:0.002880s ]
SQL: SELECT * FROM `dami_guestbook` WHERE ( `status` = 1 )  [ RunTime:0.000157s ]
SQL: SELECT COUNT(*) AS tp_count FROM `dami_guestbook` WHERE ( `status` = 1 ) LIMIT 1   [ RunTime:0.000142s ]
SQL: SELECT * FROM `dami_guestbook` WHERE ( `status` = 1 ) ORDER BY addtime desc LIMIT 0,5   [ RunTime:0.000240s ]
INFO: [ view_parse ] --START--
INFO: ParseTemplate Behavior ::run [ RunTime:0.005107s ]
INFO: [ view_parse ] --END-- [ RunTime:0.005160s ]
INFO: [ view_filter ] --START--
INFO: ContentReplace Behavior ::run [ RunTime:0.000400s ]
INFO: TokenBuild Behavior ::run [ RunTime:0.000229s ]
INFO: WriteHtmlCache Behavior ::run [ RunTime:0.000195s ]
INFO: ShowRuntime Behavior ::run [ RunTime:0.000237s ]
INFO: [ view_filter ] --END-- [ RunTime:0.001142s ]
INFO: [ view_end ] --START--
INFO: ShowPageTrace Behavior ::run [ RunTime:0.000291s ]
INFO: [ view_end ] --END-- [ RunTime:0.000318s ]

[ 2016-09-24T19:07:31+08:00 ] 0.0.0.0 /DM/index.php?m=Guestbook&a=compile&id=2016-09-23%2021:02:56
INFO: [ app_begin ] --START--
INFO: ReadHtmlCache Behavior ::run [ RunTime:0.000427s ]
INFO: [ app_begin ] --END-- [ RunTime:0.000472s ]
NOTIC: [2048] Declaration of GuestbookAction::show() should be compatible with that of Action::show() D:\WWW\DM\Web\Lib\Action\GuestbookAction.class.php 第 14 行.
SQL: SHOW COLUMNS FROM `dami_type` [ RunTime:0.003627s ]
SQL: SHOW COLUMNS FROM `dami_article` [ RunTime:0.002384s ]
SQL: SELECT * FROM `dami_type` WHERE ( ismenu=1 ) ORDER BY drank asc  [ RunTime:0.000274s ]
SQL: SELECT * FROM `dami_type` WHERE ( fid=25 AND drank <> 0 ) ORDER BY drank asc  [ RunTime:0.000212s ]
SQL: SELECT * FROM `dami_type` WHERE ( fid=26 AND drank <> 0 ) ORDER BY drank asc  [ RunTime:0.000197s ]
NOTIC: [8] Undefined index: typeid D:\WWW\DM\Web\Lib\Action\PublicAction.class.php 第 55 行.
SQL: SELECT `typename` FROM `dami_type` WHERE ( typeid=0 ) LIMIT 1   [ RunTime:0.000136s ]
SQL: SELECT `path` FROM `dami_type` WHERE ( typeid=0 ) LIMIT 1   [ RunTime:0.000137s ]
INFO: [ view_parse ] --START--
INFO: ParseTemplate Behavior ::run [ RunTime:0.004525s ]
INFO: [ view_parse ] --END-- [ RunTime:0.004576s ]
INFO: [ view_filter ] --START--
INFO: ContentReplace Behavior ::run [ RunTime:0.000327s ]
INFO: TokenBuild Behavior ::run [ RunTime:0.000247s ]
INFO: WriteHtmlCache Behavior ::run [ RunTime:0.000160s ]
INFO: ShowRuntime Behavior ::run [ RunTime:0.000246s ]
INFO: [ view_filter ] --END-- [ RunTime:0.001068s ]
INFO: [ view_end ] --START--
INFO: ShowPageTrace Behavior ::run [ RunTime:0.000330s ]
INFO: [ view_end ] --END-- [ RunTime:0.000368s ]

[ 2016-09-24T19:07:37+08:00 ] 0.0.0.0 /DM/index.php?s=/guestbook/run_compile/id/2016-09-23+21%3A02%3A56.html
INFO: [ route_check ] --START--
INFO: CheckRoute Behavior ::run [ RunTime:0.000435s ]
INFO: [ route_check ] --END-- [ RunTime:0.000489s ]
INFO: [ app_begin ] --START--
INFO: ReadHtmlCache Behavior ::run [ RunTime:0.000294s ]
INFO: [ app_begin ] --END-- [ RunTime:0.000338s ]
NOTIC: [2048] Declaration of GuestbookAction::show() should be compatible with that of Action::show() D:\WWW\DM\Web\Lib\Action\GuestbookAction.class.php 第 14 行.
NOTIC: [2] DOMDocument::loadHTML() [<a href='domdocument.loadhtml'>domdocument.loadhtml</a>]: Tag nouse invalid in Entity, line: 1 D:\WWW\DM\Core\Extend\Vendor\Xsshtml\xsshtml.php 第 56 行.
NOTIC: [2] DOMDocument::loadHTML() [<a href='domdocument.loadhtml'>domdocument.loadhtml</a>]: Tag nouse invalid in Entity, line: 1 D:\WWW\DM\Core\Extend\Vendor\Xsshtml\xsshtml.php 第 56 行.
NOTIC: [2] htmlspecialchars() expects parameter 2 to be long, string given D:\WWW\DM\Web\Lib\Action\BaseAction.class.php 第 23 行.
NOTIC: [2] htmlspecialchars() expects parameter 2 to be long, string given D:\WWW\DM\Web\Lib\Action\BaseAction.class.php 第 23 行.
SQL: SHOW COLUMNS FROM `dami_type` [ RunTime:0.002725s ]
SQL: SHOW COLUMNS FROM `dami_article` [ RunTime:0.002382s ]
SQL: SELECT * FROM `dami_type` WHERE ( ismenu=1 ) ORDER BY drank asc  [ RunTime:0.000291s ]
SQL: SELECT * FROM `dami_type` WHERE ( fid=25 AND drank <> 0 ) ORDER BY drank asc  [ RunTime:0.000198s ]
SQL: SELECT * FROM `dami_type` WHERE ( fid=26 AND drank <> 0 ) ORDER BY drank asc  [ RunTime:0.000196s ]
NOTIC: [8] Undefined index: typeid D:\WWW\DM\Web\Lib\Action\PublicAction.class.php 第 55 行.
SQL: SELECT `typename` FROM `dami_type` WHERE ( typeid=0 ) LIMIT 1   [ RunTime:0.000130s ]
SQL: SELECT `path` FROM `dami_type` WHERE ( typeid=0 ) LIMIT 1   [ RunTime:0.000125s ]

[ 2016-09-24T19:07:42+08:00 ] 0.0.0.0 /DM/index.php?s=/guestbook/run_compile/id/2016-09-23+21%3A02%3A56.html
INFO: [ route_check ] --START--
INFO: CheckRoute Behavior ::run [ RunTime:0.000450s ]
INFO: [ route_check ] --END-- [ RunTime:0.000508s ]
INFO: [ app_begin ] --START--
INFO: ReadHtmlCache Behavior ::run [ RunTime:0.000285s ]
INFO: [ app_begin ] --END-- [ RunTime:0.000320s ]
NOTIC: [2048] Declaration of GuestbookAction::show() should be compatible with that of Action::show() D:\WWW\DM\Web\Lib\Action\GuestbookAction.class.php 第 14 行.
SQL: SHOW COLUMNS FROM `dami_type` [ RunTime:0.002808s ]
SQL: SHOW COLUMNS FROM `dami_article` [ RunTime:0.002729s ]
SQL: SELECT * FROM `dami_type` WHERE ( ismenu=1 ) ORDER BY drank asc  [ RunTime:0.000288s ]
SQL: SELECT * FROM `dami_type` WHERE ( fid=25 AND drank <> 0 ) ORDER BY drank asc  [ RunTime:0.000201s ]
SQL: SELECT * FROM `dami_type` WHERE ( fid=26 AND drank <> 0 ) ORDER BY drank asc  [ RunTime:0.000184s ]
NOTIC: [8] Undefined index: typeid D:\WWW\DM\Web\Lib\Action\PublicAction.class.php 第 55 行.
SQL: SELECT `typename` FROM `dami_type` WHERE ( typeid=0 ) LIMIT 1   [ RunTime:0.000119s ]
SQL: SELECT `path` FROM `dami_type` WHERE ( typeid=0 ) LIMIT 1   [ RunTime:0.000118s ]

[ 2016-09-24T19:08:30+08:00 ] 0.0.0.0 /DM/index.php?s=guestbook/
INFO: [ route_check ] --START--
INFO: CheckRoute Behavior ::run [ RunTime:0.000422s ]
INFO: [ route_check ] --END-- [ RunTime:0.000478s ]
INFO: [ app_begin ] --START--
INFO: ReadHtmlCache Behavior ::run [ RunTime:0.000273s ]
INFO: [ app_begin ] --END-- [ RunTime:0.000308s ]
NOTIC: [2048] Declaration of GuestbookAction::show() should be compatible with that of Action::show() D:\WWW\DM\Web\Lib\Action\GuestbookAction.class.php 第 14 行.
SQL: SHOW COLUMNS FROM `dami_type` [ RunTime:0.002515s ]
SQL: SHOW COLUMNS FROM `dami_article` [ RunTime:0.014493s ]
SQL: SELECT * FROM `dami_type` WHERE ( ismenu=1 ) ORDER BY drank asc  [ RunTime:0.000286s ]
SQL: SELECT * FROM `dami_type` WHERE ( fid=25 AND drank <> 0 ) ORDER BY drank asc  [ RunTime:0.000198s ]
SQL: SELECT * FROM `dami_type` WHERE ( fid=26 AND drank <> 0 ) ORDER BY drank asc  [ RunTime:0.000196s ]
NOTIC: [8] Undefined index: typeid D:\WWW\DM\Web\Lib\Action\PublicAction.class.php 第 55 行.
SQL: SELECT `typename` FROM `dami_type` WHERE ( typeid=0 ) LIMIT 1   [ RunTime:0.000130s ]
SQL: SELECT `path` FROM `dami_type` WHERE ( typeid=0 ) LIMIT 1   [ RunTime:0.000125s ]
INFO: [ view_parse ] --START--
INFO: ParseTemplate Behavior ::run [ RunTime:0.004709s ]
INFO: [ view_parse ] --END-- [ RunTime:0.004757s ]
INFO: [ view_filter ] --START--
INFO: ContentReplace Behavior ::run [ RunTime:0.000325s ]
INFO: TokenBuild Behavior ::run [ RunTime:0.000243s ]
INFO: WriteHtmlCache Behavior ::run [ RunTime:0.000158s ]
INFO: ShowRuntime Behavior ::run [ RunTime:0.000238s ]
INFO: [ view_filter ] --END-- [ RunTime:0.001057s ]
INFO: [ view_end ] --START--
INFO: ShowPageTrace Behavior ::run [ RunTime:0.000308s ]
INFO: [ view_end ] --END-- [ RunTime:0.000338s ]

[ 2016-09-24T19:08:31+08:00 ] 0.0.0.0 /DM/index.php?m=Guestbook&a=show&page=1
INFO: [ app_begin ] --START--
INFO: ReadHtmlCache Behavior ::run [ RunTime:0.000310s ]
INFO: [ app_begin ] --END-- [ RunTime:0.000355s ]
NOTIC: [2048] Declaration of GuestbookAction::show() should be compatible with that of Action::show() D:\WWW\DM\Web\Lib\Action\GuestbookAction.class.php 第 14 行.
SQL: SHOW COLUMNS FROM `dami_type` [ RunTime:0.002386s ]
SQL: SHOW COLUMNS FROM `dami_article` [ RunTime:0.002136s ]
SQL: SELECT * FROM `dami_type` WHERE ( ismenu=1 ) ORDER BY drank asc  [ RunTime:0.000258s ]
SQL: SELECT * FROM `dami_type` WHERE ( fid=25 AND drank <> 0 ) ORDER BY drank asc  [ RunTime:0.000201s ]
SQL: SELECT * FROM `dami_type` WHERE ( fid=26 AND drank <> 0 ) ORDER BY drank asc  [ RunTime:0.000183s ]
NOTIC: [8] Undefined index: typeid D:\WWW\DM\Web\Lib\Action\PublicAction.class.php 第 55 行.
SQL: SELECT `typename` FROM `dami_type` WHERE ( typeid=0 ) LIMIT 1   [ RunTime:0.000132s ]
SQL: SELECT `path` FROM `dami_type` WHERE ( typeid=0 ) LIMIT 1   [ RunTime:0.000123s ]
SQL: SHOW COLUMNS FROM `dami_guestbook` [ RunTime:0.002010s ]
SQL: SELECT * FROM `dami_guestbook` WHERE ( `status` = 1 )  [ RunTime:0.000169s ]
SQL: SELECT COUNT(*) AS tp_count FROM `dami_guestbook` WHERE ( `status` = 1 ) LIMIT 1   [ RunTime:0.000142s ]
SQL: SELECT * FROM `dami_guestbook` WHERE ( `status` = 1 ) ORDER BY addtime desc LIMIT 0,5   [ RunTime:0.000181s ]
INFO: [ view_parse ] --START--
INFO: ParseTemplate Behavior ::run [ RunTime:0.004921s ]
INFO: [ view_parse ] --END-- [ RunTime:0.004961s ]
INFO: [ view_filter ] --START--
INFO: ContentReplace Behavior ::run [ RunTime:0.000325s ]
INFO: TokenBuild Behavior ::run [ RunTime:0.000251s ]
INFO: WriteHtmlCache Behavior ::run [ RunTime:0.000157s ]
INFO: ShowRuntime Behavior ::run [ RunTime:0.000247s ]
INFO: [ view_filter ] --END-- [ RunTime:0.001064s ]
INFO: [ view_end ] --START--
INFO: ShowPageTrace Behavior ::run [ RunTime:0.000352s ]
INFO: [ view_end ] --END-- [ RunTime:0.000386s ]

[ 2016-09-24T19:08:33+08:00 ] 0.0.0.0 /DM/index.php?m=Guestbook&a=compile&id=2016-09-23%2021:02:56
INFO: [ app_begin ] --START--
INFO: ReadHtmlCache Behavior ::run [ RunTime:0.000277s ]
INFO: [ app_begin ] --END-- [ RunTime:0.000317s ]
NOTIC: [2048] Declaration of GuestbookAction::show() should be compatible with that of Action::show() D:\WWW\DM\Web\Lib\Action\GuestbookAction.class.php 第 14 行.
SQL: SHOW COLUMNS FROM `dami_type` [ RunTime:0.002293s ]
SQL: SHOW COLUMNS FROM `dami_article` [ RunTime:0.002180s ]
SQL: SELECT * FROM `dami_type` WHERE ( ismenu=1 ) ORDER BY drank asc  [ RunTime:0.000262s ]
SQL: SELECT * FROM `dami_type` WHERE ( fid=25 AND drank <> 0 ) ORDER BY drank asc  [ RunTime:0.000185s ]
SQL: SELECT * FROM `dami_type` WHERE ( fid=26 AND drank <> 0 ) ORDER BY drank asc  [ RunTime:0.000186s ]
NOTIC: [8] Undefined index: typeid D:\WWW\DM\Web\Lib\Action\PublicAction.class.php 第 55 行.
SQL: SELECT `typename` FROM `dami_type` WHERE ( typeid=0 ) LIMIT 1   [ RunTime:0.000118s ]
SQL: SELECT `path` FROM `dami_type` WHERE ( typeid=0 ) LIMIT 1   [ RunTime:0.000119s ]
INFO: [ view_parse ] --START--
INFO: ParseTemplate Behavior ::run [ RunTime:0.004592s ]
INFO: [ view_parse ] --END-- [ RunTime:0.004661s ]
INFO: [ view_filter ] --START--
INFO: ContentReplace Behavior ::run [ RunTime:0.000356s ]
INFO: TokenBuild Behavior ::run [ RunTime:0.000322s ]
INFO: WriteHtmlCache Behavior ::run [ RunTime:0.000278s ]
INFO: ShowRuntime Behavior ::run [ RunTime:0.000348s ]
INFO: [ view_filter ] --END-- [ RunTime:0.001421s ]
INFO: [ view_end ] --START--
INFO: ShowPageTrace Behavior ::run [ RunTime:0.000313s ]
INFO: [ view_end ] --END-- [ RunTime:0.000341s ]

[ 2016-09-24T19:08:44+08:00 ] 0.0.0.0 /DM/index.php?s=/guestbook/run_compile/id/2016-09-23+21%3A02%3A56.html
INFO: [ route_check ] --START--
INFO: CheckRoute Behavior ::run [ RunTime:0.000428s ]
INFO: [ route_check ] --END-- [ RunTime:0.000478s ]
INFO: [ app_begin ] --START--
INFO: ReadHtmlCache Behavior ::run [ RunTime:0.000270s ]
INFO: [ app_begin ] --END-- [ RunTime:0.000302s ]
NOTIC: [2048] Declaration of GuestbookAction::show() should be compatible with that of Action::show() D:\WWW\DM\Web\Lib\Action\GuestbookAction.class.php 第 14 行.
NOTIC: [2] htmlspecialchars() expects parameter 2 to be long, string given D:\WWW\DM\Web\Lib\Action\BaseAction.class.php 第 23 行.
NOTIC: [2] htmlspecialchars() expects parameter 2 to be long, string given D:\WWW\DM\Web\Lib\Action\BaseAction.class.php 第 23 行.
SQL: SHOW COLUMNS FROM `dami_type` [ RunTime:0.002257s ]
SQL: SHOW COLUMNS FROM `dami_article` [ RunTime:0.002193s ]
SQL: SELECT * FROM `dami_type` WHERE ( ismenu=1 ) ORDER BY drank asc  [ RunTime:0.000279s ]
SQL: SELECT * FROM `dami_type` WHERE ( fid=25 AND drank <> 0 ) ORDER BY drank asc  [ RunTime:0.000216s ]
SQL: SELECT * FROM `dami_type` WHERE ( fid=26 AND drank <> 0 ) ORDER BY drank asc  [ RunTime:0.000206s ]
NOTIC: [8] Undefined index: typeid D:\WWW\DM\Web\Lib\Action\PublicAction.class.php 第 55 行.
SQL: SELECT `typename` FROM `dami_type` WHERE ( typeid=0 ) LIMIT 1   [ RunTime:0.000114s ]
SQL: SELECT `path` FROM `dami_type` WHERE ( typeid=0 ) LIMIT 1   [ RunTime:0.000110s ]

[ 2016-09-24T19:09:17+08:00 ] 0.0.0.0 /DM/index.php?s=/guestbook/run_compile/id/2016-09-23+21%3A02%3A56.html
INFO: [ route_check ] --START--
INFO: CheckRoute Behavior ::run [ RunTime:0.000497s ]
INFO: [ route_check ] --END-- [ RunTime:0.000591s ]
INFO: [ app_begin ] --START--
INFO: ReadHtmlCache Behavior ::run [ RunTime:0.000469s ]
INFO: [ app_begin ] --END-- [ RunTime:0.000507s ]
NOTIC: [2048] Declaration of GuestbookAction::show() should be compatible with that of Action::show() D:\WWW\DM\Web\Lib\Action\GuestbookAction.class.php 第 14 行.
SQL: SHOW COLUMNS FROM `dami_type` [ RunTime:0.002630s ]
SQL: SHOW COLUMNS FROM `dami_article` [ RunTime:0.002621s ]
SQL: SELECT * FROM `dami_type` WHERE ( ismenu=1 ) ORDER BY drank asc  [ RunTime:0.000274s ]
SQL: SELECT * FROM `dami_type` WHERE ( fid=25 AND drank <> 0 ) ORDER BY drank asc  [ RunTime:0.000188s ]
SQL: SELECT * FROM `dami_type` WHERE ( fid=26 AND drank <> 0 ) ORDER BY drank asc  [ RunTime:0.000185s ]
NOTIC: [8] Undefined index: typeid D:\WWW\DM\Web\Lib\Action\PublicAction.class.php 第 55 行.
SQL: SELECT `typename` FROM `dami_type` WHERE ( typeid=0 ) LIMIT 1   [ RunTime:0.000122s ]
SQL: SELECT `path` FROM `dami_type` WHERE ( typeid=0 ) LIMIT 1   [ RunTime:0.000117s ]

[ 2016-09-24T19:09:19+08:00 ] 0.0.0.0 /DM/index.php?m=Guestbook&a=compile&id=2016-09-23%2021:02:56
INFO: [ app_begin ] --START--
INFO: ReadHtmlCache Behavior ::run [ RunTime:0.000417s ]
INFO: [ app_begin ] --END-- [ RunTime:0.000528s ]
NOTIC: [2048] Declaration of GuestbookAction::show() should be compatible with that of Action::show() D:\WWW\DM\Web\Lib\Action\GuestbookAction.class.php 第 14 行.
SQL: SHOW COLUMNS FROM `dami_type` [ RunTime:0.002408s ]
SQL: SHOW COLUMNS FROM `dami_article` [ RunTime:0.002445s ]
SQL: SELECT * FROM `dami_type` WHERE ( ismenu=1 ) ORDER BY drank asc  [ RunTime:0.000272s ]
SQL: SELECT * FROM `dami_type` WHERE ( fid=25 AND drank <> 0 ) ORDER BY drank asc  [ RunTime:0.000187s ]
SQL: SELECT * FROM `dami_type` WHERE ( fid=26 AND drank <> 0 ) ORDER BY drank asc  [ RunTime:0.000183s ]
NOTIC: [8] Undefined index: typeid D:\WWW\DM\Web\Lib\Action\PublicAction.class.php 第 55 行.
SQL: SELECT `typename` FROM `dami_type` WHERE ( typeid=0 ) LIMIT 1   [ RunTime:0.000120s ]
SQL: SELECT `path` FROM `dami_type` WHERE ( typeid=0 ) LIMIT 1   [ RunTime:0.000116s ]
INFO: [ view_parse ] --START--

[ 2016-09-24T19:09:20+08:00 ] 0.0.0.0 /DM/index.php?s=guestbook/
INFO: [ route_check ] --START--
INFO: CheckRoute Behavior ::run [ RunTime:0.000594s ]
INFO: [ route_check ] --END-- [ RunTime:0.000675s ]
INFO: [ app_begin ] --START--
INFO: ReadHtmlCache Behavior ::run [ RunTime:0.000383s ]
INFO: [ app_begin ] --END-- [ RunTime:0.000424s ]
NOTIC: [2048] Declaration of GuestbookAction::show() should be compatible with that of Action::show() D:\WWW\DM\Web\Lib\Action\GuestbookAction.class.php 第 14 行.
SQL: SHOW COLUMNS FROM `dami_type` [ RunTime:0.002576s ]
SQL: SHOW COLUMNS FROM `dami_article` [ RunTime:0.002293s ]
SQL: SELECT * FROM `dami_type` WHERE ( ismenu=1 ) ORDER BY drank asc  [ RunTime:0.000239s ]
SQL: SELECT * FROM `dami_type` WHERE ( fid=25 AND drank <> 0 ) ORDER BY drank asc  [ RunTime:0.000163s ]
SQL: SELECT * FROM `dami_type` WHERE ( fid=26 AND drank <> 0 ) ORDER BY drank asc  [ RunTime:0.000150s ]
NOTIC: [8] Undefined index: typeid D:\WWW\DM\Web\Lib\Action\PublicAction.class.php 第 55 行.
SQL: SELECT `typename` FROM `dami_type` WHERE ( typeid=0 ) LIMIT 1   [ RunTime:0.000092s ]
SQL: SELECT `path` FROM `dami_type` WHERE ( typeid=0 ) LIMIT 1   [ RunTime:0.000115s ]
INFO: [ view_parse ] --START--
INFO: ParseTemplate Behavior ::run [ RunTime:0.004817s ]
INFO: [ view_parse ] --END-- [ RunTime:0.004873s ]
INFO: [ view_filter ] --START--
INFO: ContentReplace Behavior ::run [ RunTime:0.000367s ]
INFO: TokenBuild Behavior ::run [ RunTime:0.000268s ]
INFO: WriteHtmlCache Behavior ::run [ RunTime:0.000238s ]
INFO: ShowRuntime Behavior ::run [ RunTime:0.000334s ]
INFO: [ view_filter ] --END-- [ RunTime:0.001320s ]
INFO: [ view_end ] --START--
INFO: ShowPageTrace Behavior ::run [ RunTime:0.000374s ]
INFO: [ view_end ] --END-- [ RunTime:0.000404s ]

[ 2016-09-24T19:09:21+08:00 ] 0.0.0.0 /DM/index.php?s=guestbook/
INFO: [ route_check ] --START--
INFO: CheckRoute Behavior ::run [ RunTime:0.000737s ]
INFO: [ route_check ] --END-- [ RunTime:0.000791s ]
INFO: [ app_begin ] --START--
INFO: ReadHtmlCache Behavior ::run [ RunTime:0.000484s ]
INFO: [ app_begin ] --END-- [ RunTime:0.000520s ]
NOTIC: [2048] Declaration of GuestbookAction::show() should be compatible with that of Action::show() D:\WWW\DM\Web\Lib\Action\GuestbookAction.class.php 第 14 行.
SQL: SHOW COLUMNS FROM `dami_type` [ RunTime:0.003658s ]
SQL: SHOW COLUMNS FROM `dami_article` [ RunTime:0.003368s ]
SQL: SELECT * FROM `dami_type` WHERE ( ismenu=1 ) ORDER BY drank asc  [ RunTime:0.000403s ]
SQL: SELECT * FROM `dami_type` WHERE ( fid=25 AND drank <> 0 ) ORDER BY drank asc  [ RunTime:0.000216s ]
SQL: SELECT * FROM `dami_type` WHERE ( fid=26 AND drank <> 0 ) ORDER BY drank asc  [ RunTime:0.000254s ]
NOTIC: [8] Undefined index: typeid D:\WWW\DM\Web\Lib\Action\PublicAction.class.php 第 55 行.
SQL: SELECT `typename` FROM `dami_type` WHERE ( typeid=0 ) LIMIT 1   [ RunTime:0.000152s ]
SQL: SELECT `path` FROM `dami_type` WHERE ( typeid=0 ) LIMIT 1   [ RunTime:0.000131s ]
INFO: [ view_parse ] --START--
INFO: ParseTemplate Behavior ::run [ RunTime:0.009483s ]
INFO: [ view_parse ] --END-- [ RunTime:0.009606s ]
INFO: [ view_filter ] --START--
INFO: ContentReplace Behavior ::run [ RunTime:0.001181s ]
INFO: TokenBuild Behavior ::run [ RunTime:0.000668s ]
INFO: WriteHtmlCache Behavior ::run [ RunTime:0.000564s ]
INFO: ShowRuntime Behavior ::run [ RunTime:0.000718s ]
INFO: [ view_filter ] --END-- [ RunTime:0.003369s ]
INFO: [ view_end ] --START--
INFO: ShowPageTrace Behavior ::run [ RunTime:0.000669s ]
INFO: [ view_end ] --END-- [ RunTime:0.000715s ]

[ 2016-09-24T19:09:22+08:00 ] 0.0.0.0 /DM/index.php?m=Guestbook&a=show&page=1
INFO: [ app_begin ] --START--
INFO: ReadHtmlCache Behavior ::run [ RunTime:0.000529s ]
INFO: [ app_begin ] --END-- [ RunTime:0.000577s ]
NOTIC: [2048] Declaration of GuestbookAction::show() should be compatible with that of Action::show() D:\WWW\DM\Web\Lib\Action\GuestbookAction.class.php 第 14 行.
SQL: SHOW COLUMNS FROM `dami_type` [ RunTime:0.002442s ]
SQL: SHOW COLUMNS FROM `dami_article` [ RunTime:0.002895s ]
SQL: SELECT * FROM `dami_type` WHERE ( ismenu=1 ) ORDER BY drank asc  [ RunTime:0.000357s ]
SQL: SELECT * FROM `dami_type` WHERE ( fid=25 AND drank <> 0 ) ORDER BY drank asc  [ RunTime:0.000242s ]
SQL: SELECT * FROM `dami_type` WHERE ( fid=26 AND drank <> 0 ) ORDER BY drank asc  [ RunTime:0.000236s ]
NOTIC: [8] Undefined index: typeid D:\WWW\DM\Web\Lib\Action\PublicAction.class.php 第 55 行.
SQL: SELECT `typename` FROM `dami_type` WHERE ( typeid=0 ) LIMIT 1   [ RunTime:0.000171s ]
SQL: SELECT `path` FROM `dami_type` WHERE ( typeid=0 ) LIMIT 1   [ RunTime:0.000209s ]
SQL: SHOW COLUMNS FROM `dami_guestbook` [ RunTime:0.002431s ]
SQL: SELECT * FROM `dami_guestbook` WHERE ( `status` = 1 )  [ RunTime:0.000169s ]
SQL: SELECT COUNT(*) AS tp_count FROM `dami_guestbook` WHERE ( `status` = 1 ) LIMIT 1   [ RunTime:0.000146s ]
SQL: SELECT * FROM `dami_guestbook` WHERE ( `status` = 1 ) ORDER BY addtime desc LIMIT 0,5   [ RunTime:0.000194s ]
INFO: [ view_parse ] --START--
INFO: ParseTemplate Behavior ::run [ RunTime:0.006253s ]
INFO: [ view_parse ] --END-- [ RunTime:0.006296s ]
INFO: [ view_filter ] --START--
INFO: ContentReplace Behavior ::run [ RunTime:0.000402s ]
INFO: TokenBuild Behavior ::run [ RunTime:0.000472s ]
INFO: WriteHtmlCache Behavior ::run [ RunTime:0.000376s ]
INFO: ShowRuntime Behavior ::run [ RunTime:0.000658s ]
INFO: [ view_filter ] --END-- [ RunTime:0.002040s ]
INFO: [ view_end ] --START--
INFO: ShowPageTrace Behavior ::run [ RunTime:0.000588s ]
INFO: [ view_end ] --END-- [ RunTime:0.000621s ]

[ 2016-09-24T19:09:25+08:00 ] 0.0.0.0 /DM/index.php?m=Guestbook&a=compile&id=2016-09-23%2021:02:56
INFO: [ app_begin ] --START--
INFO: ReadHtmlCache Behavior ::run [ RunTime:0.000566s ]
INFO: [ app_begin ] --END-- [ RunTime:0.000626s ]
NOTIC: [2048] Declaration of GuestbookAction::show() should be compatible with that of Action::show() D:\WWW\DM\Web\Lib\Action\GuestbookAction.class.php 第 14 行.
SQL: SHOW COLUMNS FROM `dami_type` [ RunTime:0.002519s ]
SQL: SHOW COLUMNS FROM `dami_article` [ RunTime:0.002345s ]
SQL: SELECT * FROM `dami_type` WHERE ( ismenu=1 ) ORDER BY drank asc  [ RunTime:0.000260s ]
SQL: SELECT * FROM `dami_type` WHERE ( fid=25 AND drank <> 0 ) ORDER BY drank asc  [ RunTime:0.000193s ]
SQL: SELECT * FROM `dami_type` WHERE ( fid=26 AND drank <> 0 ) ORDER BY drank asc  [ RunTime:0.000188s ]
NOTIC: [8] Undefined index: typeid D:\WWW\DM\Web\Lib\Action\PublicAction.class.php 第 55 行.
SQL: SELECT `typename` FROM `dami_type` WHERE ( typeid=0 ) LIMIT 1   [ RunTime:0.000119s ]
SQL: SELECT `path` FROM `dami_type` WHERE ( typeid=0 ) LIMIT 1   [ RunTime:0.000116s ]
INFO: [ view_parse ] --START--

[ 2016-09-24T19:09:39+08:00 ] 0.0.0.0 /DM/index.php?m=Guestbook&a=compile&id=2016-09-23%2021:02:56
INFO: [ app_begin ] --START--
INFO: ReadHtmlCache Behavior ::run [ RunTime:0.000505s ]
INFO: [ app_begin ] --END-- [ RunTime:0.000555s ]
NOTIC: [2048] Declaration of GuestbookAction::show() should be compatible with that of Action::show() D:\WWW\DM\Web\Lib\Action\GuestbookAction.class.php 第 14 行.
SQL: SHOW COLUMNS FROM `dami_type` [ RunTime:0.002617s ]
SQL: SHOW COLUMNS FROM `dami_article` [ RunTime:0.002359s ]
SQL: SELECT * FROM `dami_type` WHERE ( ismenu=1 ) ORDER BY drank asc  [ RunTime:0.000260s ]
SQL: SELECT * FROM `dami_type` WHERE ( fid=25 AND drank <> 0 ) ORDER BY drank asc  [ RunTime:0.000209s ]
SQL: SELECT * FROM `dami_type` WHERE ( fid=26 AND drank <> 0 ) ORDER BY drank asc  [ RunTime:0.000193s ]
NOTIC: [8] Undefined index: typeid D:\WWW\DM\Web\Lib\Action\PublicAction.class.php 第 55 行.
SQL: SELECT `typename` FROM `dami_type` WHERE ( typeid=0 ) LIMIT 1   [ RunTime:0.000121s ]
SQL: SELECT `path` FROM `dami_type` WHERE ( typeid=0 ) LIMIT 1   [ RunTime:0.000118s ]
INFO: [ view_parse ] --START--
INFO: ParseTemplate Behavior ::run [ RunTime:0.006154s ]
INFO: [ view_parse ] --END-- [ RunTime:0.006203s ]
INFO: [ view_filter ] --START--
INFO: ContentReplace Behavior ::run [ RunTime:0.000419s ]
INFO: TokenBuild Behavior ::run [ RunTime:0.000424s ]
INFO: WriteHtmlCache Behavior ::run [ RunTime:0.000374s ]
INFO: ShowRuntime Behavior ::run [ RunTime:0.000454s ]
INFO: [ view_filter ] --END-- [ RunTime:0.001764s ]
INFO: [ view_end ] --START--
INFO: ShowPageTrace Behavior ::run [ RunTime:0.000594s ]
INFO: [ view_end ] --END-- [ RunTime:0.000624s ]

[ 2016-09-24T19:09:44+08:00 ] 0.0.0.0 /DM/index.php?s=/guestbook/run_compile.html
INFO: [ route_check ] --START--
INFO: CheckRoute Behavior ::run [ RunTime:0.000674s ]
INFO: [ route_check ] --END-- [ RunTime:0.000728s ]
INFO: [ app_begin ] --START--
INFO: ReadHtmlCache Behavior ::run [ RunTime:0.000465s ]
INFO: [ app_begin ] --END-- [ RunTime:0.000499s ]
NOTIC: [2048] Declaration of GuestbookAction::show() should be compatible with that of Action::show() D:\WWW\DM\Web\Lib\Action\GuestbookAction.class.php 第 14 行.
NOTIC: [2] DOMDocument::loadHTML() [<a href='domdocument.loadhtml'>domdocument.loadhtml</a>]: Tag nouse invalid in Entity, line: 1 D:\WWW\DM\Core\Extend\Vendor\Xsshtml\xsshtml.php 第 56 行.
NOTIC: [2] DOMDocument::loadHTML() [<a href='domdocument.loadhtml'>domdocument.loadhtml</a>]: Tag nouse invalid in Entity, line: 1 D:\WWW\DM\Core\Extend\Vendor\Xsshtml\xsshtml.php 第 56 行.
NOTIC: [2] htmlspecialchars() expects parameter 2 to be long, string given D:\WWW\DM\Web\Lib\Action\BaseAction.class.php 第 23 行.
NOTIC: [2] htmlspecialchars() expects parameter 2 to be long, string given D:\WWW\DM\Web\Lib\Action\BaseAction.class.php 第 23 行.
SQL: SHOW COLUMNS FROM `dami_type` [ RunTime:0.003826s ]
SQL: SHOW COLUMNS FROM `dami_article` [ RunTime:0.011965s ]
SQL: SELECT * FROM `dami_type` WHERE ( ismenu=1 ) ORDER BY drank asc  [ RunTime:0.000255s ]
SQL: SELECT * FROM `dami_type` WHERE ( fid=25 AND drank <> 0 ) ORDER BY drank asc  [ RunTime:0.000229s ]
SQL: SELECT * FROM `dami_type` WHERE ( fid=26 AND drank <> 0 ) ORDER BY drank asc  [ RunTime:0.000222s ]
NOTIC: [8] Undefined index: typeid D:\WWW\DM\Web\Lib\Action\PublicAction.class.php 第 55 行.
SQL: SELECT `typename` FROM `dami_type` WHERE ( typeid=0 ) LIMIT 1   [ RunTime:0.000122s ]
SQL: SELECT `path` FROM `dami_type` WHERE ( typeid=0 ) LIMIT 1   [ RunTime:0.000111s ]

[ 2016-09-24T19:09:52+08:00 ] 0.0.0.0 /DM/index.php?s=/guestbook/run_compile.html
INFO: [ route_check ] --START--
INFO: CheckRoute Behavior ::run [ RunTime:0.000698s ]
INFO: [ route_check ] --END-- [ RunTime:0.000757s ]
INFO: [ app_begin ] --START--
INFO: ReadHtmlCache Behavior ::run [ RunTime:0.000518s ]
INFO: [ app_begin ] --END-- [ RunTime:0.000556s ]
NOTIC: [2048] Declaration of GuestbookAction::show() should be compatible with that of Action::show() D:\WWW\DM\Web\Lib\Action\GuestbookAction.class.php 第 14 行.
SQL: SHOW COLUMNS FROM `dami_type` [ RunTime:0.002493s ]
SQL: SHOW COLUMNS FROM `dami_article` [ RunTime:0.002352s ]
SQL: SELECT * FROM `dami_type` WHERE ( ismenu=1 ) ORDER BY drank asc  [ RunTime:0.000492s ]
SQL: SELECT * FROM `dami_type` WHERE ( fid=25 AND drank <> 0 ) ORDER BY drank asc  [ RunTime:0.000266s ]
SQL: SELECT * FROM `dami_type` WHERE ( fid=26 AND drank <> 0 ) ORDER BY drank asc  [ RunTime:0.000223s ]
NOTIC: [8] Undefined index: typeid D:\WWW\DM\Web\Lib\Action\PublicAction.class.php 第 55 行.
SQL: SELECT `typename` FROM `dami_type` WHERE ( typeid=0 ) LIMIT 1   [ RunTime:0.000119s ]
SQL: SELECT `path` FROM `dami_type` WHERE ( typeid=0 ) LIMIT 1   [ RunTime:0.000145s ]

[ 2016-09-24T19:10:18+08:00 ] 0.0.0.0 /DM/index.php?s=/guestbook/run_compile.html
INFO: [ route_check ] --START--
INFO: CheckRoute Behavior ::run [ RunTime:0.000994s ]
INFO: [ route_check ] --END-- [ RunTime:0.001044s ]
INFO: [ app_begin ] --START--
INFO: ReadHtmlCache Behavior ::run [ RunTime:0.000521s ]
INFO: [ app_begin ] --END-- [ RunTime:0.000560s ]
NOTIC: [2048] Declaration of GuestbookAction::show() should be compatible with that of Action::show() D:\WWW\DM\Web\Lib\Action\GuestbookAction.class.php 第 14 行.
SQL: SHOW COLUMNS FROM `dami_type` [ RunTime:0.002507s ]
SQL: SHOW COLUMNS FROM `dami_article` [ RunTime:0.002249s ]
SQL: SELECT * FROM `dami_type` WHERE ( ismenu=1 ) ORDER BY drank asc  [ RunTime:0.000266s ]
SQL: SELECT * FROM `dami_type` WHERE ( fid=25 AND drank <> 0 ) ORDER BY drank asc  [ RunTime:0.000193s ]
SQL: SELECT * FROM `dami_type` WHERE ( fid=26 AND drank <> 0 ) ORDER BY drank asc  [ RunTime:0.000196s ]
NOTIC: [8] Undefined index: typeid D:\WWW\DM\Web\Lib\Action\PublicAction.class.php 第 55 行.
SQL: SELECT `typename` FROM `dami_type` WHERE ( typeid=0 ) LIMIT 1   [ RunTime:0.000121s ]
SQL: SELECT `path` FROM `dami_type` WHERE ( typeid=0 ) LIMIT 1   [ RunTime:0.000116s ]

[ 2016-09-24T19:10:25+08:00 ] 0.0.0.0 /DM/index.php?m=Guestbook&a=compile&id=2016-09-23%2021:02:56
INFO: [ app_begin ] --START--
INFO: ReadHtmlCache Behavior ::run [ RunTime:0.000591s ]
INFO: [ app_begin ] --END-- [ RunTime:0.000648s ]
NOTIC: [2048] Declaration of GuestbookAction::show() should be compatible with that of Action::show() D:\WWW\DM\Web\Lib\Action\GuestbookAction.class.php 第 14 行.
SQL: SHOW COLUMNS FROM `dami_type` [ RunTime:0.002563s ]
SQL: SHOW COLUMNS FROM `dami_article` [ RunTime:0.003041s ]
SQL: SELECT * FROM `dami_type` WHERE ( ismenu=1 ) ORDER BY drank asc  [ RunTime:0.000289s ]
SQL: SELECT * FROM `dami_type` WHERE ( fid=25 AND drank <> 0 ) ORDER BY drank asc  [ RunTime:0.000184s ]
SQL: SELECT * FROM `dami_type` WHERE ( fid=26 AND drank <> 0 ) ORDER BY drank asc  [ RunTime:0.000172s ]
NOTIC: [8] Undefined index: typeid D:\WWW\DM\Web\Lib\Action\PublicAction.class.php 第 55 行.
SQL: SELECT `typename` FROM `dami_type` WHERE ( typeid=0 ) LIMIT 1   [ RunTime:0.000116s ]
SQL: SELECT `path` FROM `dami_type` WHERE ( typeid=0 ) LIMIT 1   [ RunTime:0.000112s ]
INFO: [ view_parse ] --START--
INFO: ParseTemplate Behavior ::run [ RunTime:0.006182s ]
INFO: [ view_parse ] --END-- [ RunTime:0.006240s ]
INFO: [ view_filter ] --START--
INFO: ContentReplace Behavior ::run [ RunTime:0.000508s ]
INFO: TokenBuild Behavior ::run [ RunTime:0.000569s ]
INFO: WriteHtmlCache Behavior ::run [ RunTime:0.000378s ]
INFO: ShowRuntime Behavior ::run [ RunTime:0.000435s ]
INFO: [ view_filter ] --END-- [ RunTime:0.002000s ]
INFO: [ view_end ] --START--
INFO: ShowPageTrace Behavior ::run [ RunTime:0.000673s ]
INFO: [ view_end ] --END-- [ RunTime:0.000717s ]

[ 2016-09-24T19:10:26+08:00 ] 0.0.0.0 /DM/index.php?m=Guestbook&a=compile&id=2016-09-23%2021:02:56
INFO: [ app_begin ] --START--
INFO: ReadHtmlCache Behavior ::run [ RunTime:0.000552s ]
INFO: [ app_begin ] --END-- [ RunTime:0.000627s ]
NOTIC: [2048] Declaration of GuestbookAction::show() should be compatible with that of Action::show() D:\WWW\DM\Web\Lib\Action\GuestbookAction.class.php 第 14 行.
SQL: SHOW COLUMNS FROM `dami_type` [ RunTime:0.016459s ]
SQL: SHOW COLUMNS FROM `dami_article` [ RunTime:0.030431s ]
SQL: SELECT * FROM `dami_type` WHERE ( ismenu=1 ) ORDER BY drank asc  [ RunTime:0.000300s ]
SQL: SELECT * FROM `dami_type` WHERE ( fid=25 AND drank <> 0 ) ORDER BY drank asc  [ RunTime:0.000194s ]
SQL: SELECT * FROM `dami_type` WHERE ( fid=26 AND drank <> 0 ) ORDER BY drank asc  [ RunTime:0.000209s ]
NOTIC: [8] Undefined index: typeid D:\WWW\DM\Web\Lib\Action\PublicAction.class.php 第 55 行.
SQL: SELECT `typename` FROM `dami_type` WHERE ( typeid=0 ) LIMIT 1   [ RunTime:0.000154s ]
SQL: SELECT `path` FROM `dami_type` WHERE ( typeid=0 ) LIMIT 1   [ RunTime:0.000146s ]
INFO: [ view_parse ] --START--
INFO: ParseTemplate Behavior ::run [ RunTime:0.004957s ]
INFO: [ view_parse ] --END-- [ RunTime:0.005007s ]
INFO: [ view_filter ] --START--
INFO: ContentReplace Behavior ::run [ RunTime:0.000315s ]
INFO: TokenBuild Behavior ::run [ RunTime:0.000264s ]
INFO: WriteHtmlCache Behavior ::run [ RunTime:0.000231s ]
INFO: ShowRuntime Behavior ::run [ RunTime:0.000338s ]
INFO: [ view_filter ] --END-- [ RunTime:0.001248s ]
INFO: [ view_end ] --START--
INFO: ShowPageTrace Behavior ::run [ RunTime:0.000411s ]
INFO: [ view_end ] --END-- [ RunTime:0.000441s ]

[ 2016-09-24T19:18:09+08:00 ] 0.0.0.0 /DM/index.php?m=Guestbook&a=compile&id=2016-09-23%2021:02:56
INFO: [ app_begin ] --START--
INFO: ReadHtmlCache Behavior ::run [ RunTime:0.000715s ]
INFO: [ app_begin ] --END-- [ RunTime:0.000765s ]
NOTIC: [2048] Declaration of GuestbookAction::show() should be compatible with that of Action::show() D:\WWW\DM\Web\Lib\Action\GuestbookAction.class.php 第 14 行.
SQL: SHOW COLUMNS FROM `dami_type` [ RunTime:0.002418s ]
SQL: SHOW COLUMNS FROM `dami_article` [ RunTime:0.002268s ]
SQL: SELECT * FROM `dami_type` WHERE ( ismenu=1 ) ORDER BY drank asc  [ RunTime:0.000262s ]
SQL: SELECT * FROM `dami_type` WHERE ( fid=25 AND drank <> 0 ) ORDER BY drank asc  [ RunTime:0.000183s ]
SQL: SELECT * FROM `dami_type` WHERE ( fid=26 AND drank <> 0 ) ORDER BY drank asc  [ RunTime:0.000183s ]
NOTIC: [8] Undefined index: typeid D:\WWW\DM\Web\Lib\Action\PublicAction.class.php 第 55 行.
SQL: SELECT `typename` FROM `dami_type` WHERE ( typeid=0 ) LIMIT 1   [ RunTime:0.000117s ]
SQL: SELECT `path` FROM `dami_type` WHERE ( typeid=0 ) LIMIT 1   [ RunTime:0.000116s ]
INFO: [ view_parse ] --START--
INFO: ParseTemplate Behavior ::run [ RunTime:0.008398s ]
INFO: [ view_parse ] --END-- [ RunTime:0.008449s ]
INFO: [ view_filter ] --START--
INFO: ContentReplace Behavior ::run [ RunTime:0.000682s ]
INFO: TokenBuild Behavior ::run [ RunTime:0.000646s ]
INFO: WriteHtmlCache Behavior ::run [ RunTime:0.000616s ]
INFO: ShowRuntime Behavior ::run [ RunTime:0.000753s ]
INFO: [ view_filter ] --END-- [ RunTime:0.002784s ]
INFO: [ view_end ] --START--
INFO: ShowPageTrace Behavior ::run [ RunTime:0.000758s ]
INFO: [ view_end ] --END-- [ RunTime:0.000786s ]

[ 2016-09-24T19:18:14+08:00 ] 0.0.0.0 /DM/index.php?s=/guestbook/run_compile/id/2016-09-23+21%3A02%3A56.html
INFO: [ route_check ] --START--
INFO: CheckRoute Behavior ::run [ RunTime:0.000884s ]
INFO: [ route_check ] --END-- [ RunTime:0.000960s ]
INFO: [ app_begin ] --START--
INFO: ReadHtmlCache Behavior ::run [ RunTime:0.000734s ]
INFO: [ app_begin ] --END-- [ RunTime:0.000768s ]
NOTIC: [2048] Declaration of GuestbookAction::show() should be compatible with that of Action::show() D:\WWW\DM\Web\Lib\Action\GuestbookAction.class.php 第 14 行.
NOTIC: [2] DOMDocument::loadHTML() [<a href='domdocument.loadhtml'>domdocument.loadhtml</a>]: Tag nouse invalid in Entity, line: 1 D:\WWW\DM\Core\Extend\Vendor\Xsshtml\xsshtml.php 第 56 行.
NOTIC: [2] DOMDocument::loadHTML() [<a href='domdocument.loadhtml'>domdocument.loadhtml</a>]: Tag nouse invalid in Entity, line: 1 D:\WWW\DM\Core\Extend\Vendor\Xsshtml\xsshtml.php 第 56 行.
NOTIC: [2] htmlspecialchars() expects parameter 2 to be long, string given D:\WWW\DM\Web\Lib\Action\BaseAction.class.php 第 23 行.
NOTIC: [2] htmlspecialchars() expects parameter 2 to be long, string given D:\WWW\DM\Web\Lib\Action\BaseAction.class.php 第 23 行.
SQL: SHOW COLUMNS FROM `dami_type` [ RunTime:0.002445s ]
SQL: SHOW COLUMNS FROM `dami_article` [ RunTime:0.002395s ]
SQL: SELECT * FROM `dami_type` WHERE ( ismenu=1 ) ORDER BY drank asc  [ RunTime:0.000258s ]
SQL: SELECT * FROM `dami_type` WHERE ( fid=25 AND drank <> 0 ) ORDER BY drank asc  [ RunTime:0.000172s ]
SQL: SELECT * FROM `dami_type` WHERE ( fid=26 AND drank <> 0 ) ORDER BY drank asc  [ RunTime:0.000185s ]
NOTIC: [8] Undefined index: typeid D:\WWW\DM\Web\Lib\Action\PublicAction.class.php 第 55 行.
SQL: SELECT `typename` FROM `dami_type` WHERE ( typeid=0 ) LIMIT 1   [ RunTime:0.000123s ]
SQL: SELECT `path` FROM `dami_type` WHERE ( typeid=0 ) LIMIT 1   [ RunTime:0.000117s ]

[ 2016-09-24T19:18:27+08:00 ] 0.0.0.0 /DM/index.php?s=/guestbook/run_compile/id/2016-09-23+21%3A02%3A56.html
INFO: [ route_check ] --START--
INFO: CheckRoute Behavior ::run [ RunTime:0.000905s ]
INFO: [ route_check ] --END-- [ RunTime:0.000956s ]
INFO: [ app_begin ] --START--
INFO: ReadHtmlCache Behavior ::run [ RunTime:0.000930s ]
INFO: [ app_begin ] --END-- [ RunTime:0.000992s ]
NOTIC: [2048] Declaration of GuestbookAction::show() should be compatible with that of Action::show() D:\WWW\DM\Web\Lib\Action\GuestbookAction.class.php 第 14 行.
SQL: SHOW COLUMNS FROM `dami_type` [ RunTime:0.002775s ]
SQL: SHOW COLUMNS FROM `dami_article` [ RunTime:0.002186s ]
SQL: SELECT * FROM `dami_type` WHERE ( ismenu=1 ) ORDER BY drank asc  [ RunTime:0.000254s ]
SQL: SELECT * FROM `dami_type` WHERE ( fid=25 AND drank <> 0 ) ORDER BY drank asc  [ RunTime:0.000182s ]
SQL: SELECT * FROM `dami_type` WHERE ( fid=26 AND drank <> 0 ) ORDER BY drank asc  [ RunTime:0.000154s ]
NOTIC: [8] Undefined index: typeid D:\WWW\DM\Web\Lib\Action\PublicAction.class.php 第 55 行.
SQL: SELECT `typename` FROM `dami_type` WHERE ( typeid=0 ) LIMIT 1   [ RunTime:0.000095s ]
SQL: SELECT `path` FROM `dami_type` WHERE ( typeid=0 ) LIMIT 1   [ RunTime:0.000114s ]

