[ 2016-09-28T13:47:08+08:00 ] 0.0.0.0 /DM/index.php
INFO: [ app_begin ] --START--
INFO: ReadHtmlCache Behavior ::run [ RunTime:0.000834s ]
INFO: [ app_begin ] --END-- [ RunTime:0.000933s ]
SQL: SHOW COLUMNS FROM `dami_type` [ RunTime:0.016119s ]
SQL: SHOW COLUMNS FROM `dami_article` [ RunTime:0.014842s ]
SQL: SELECT * FROM `dami_type` WHERE ( ismenu=1 ) ORDER BY drank asc  [ RunTime:0.000323s ]
SQL: SELECT * FROM `dami_type` WHERE ( fid=25 AND drank <> 0 ) ORDER BY drank asc  [ RunTime:0.000205s ]
SQL: SELECT * FROM `dami_type` WHERE ( fid=26 AND drank <> 0 ) ORDER BY drank asc  [ RunTime:0.000235s ]
NOTIC: [8] Undefined index: typeid D:\WWW\DM\Web\Lib\Action\PublicAction.class.php 第 55 行.
SQL: SELECT `typename` FROM `dami_type` WHERE ( typeid=0 ) LIMIT 1   [ RunTime:0.000147s ]
SQL: SELECT `path` FROM `dami_type` WHERE ( typeid=0 ) LIMIT 1   [ RunTime:0.000105s ]
NOTIC: [8] Undefined index: usercode D:\WWW\DM\Web\Lib\Action\IndexAction.class.php 第 19 行.
SQL: SELECT * FROM `dami_type` WHERE ( typeid =20 ) LIMIT 1   [ RunTime:0.000299s ]
SQL: SELECT * FROM `dami_type` WHERE ( 1 = instr(path,'0-18-20') )  [ RunTime:0.013806s ]
NOTIC: [2] Invalid argument supplied for foreach() D:\WWW\DM\Web\Common\common.php 第 150 行.
SQL: SELECT article.aid AS aid,article.title AS title,article.titlecolor AS titlecolor,article.author AS author,article.keywords AS keywords,article.description AS description,article.note AS note,article.linkurl AS linkurl,article.status AS status,article.copyfrom AS copyfrom,article.addtime AS addtime,article.islink AS islink,article.isflash AS isflash,article.istop AS istop,article.isimg AS isimg,article.imgurl AS imgurl,article.ishot AS ishot,article.pagenum AS pagenum,article.hits AS hits,article.content AS content,article.typeid AS typeid,article.voteid AS voteid,article.is_from_mobile AS is_from_mobile,article.price AS price,article.color AS color,article.product_xinghao AS product_xinghao,article.dami_uid AS dami_uid,type.typename AS typename FROM dami_article article LEFT JOIN dami_type type ON article.typeid=type.typeid WHERE ( article.typeid IN ('20') ) AND ( article.status = 1 ) ORDER BY article.addtime desc LIMIT 5   [ RunTime:0.020889s ]
SQL: SELECT * FROM `dami_type` WHERE ( typeid =18 ) LIMIT 1   [ RunTime:0.000318s ]
SQL: SELECT * FROM `dami_type` WHERE ( 1 = instr(path,'0-18') )  [ RunTime:0.000233s ]
SQL: SELECT article.aid AS aid,article.title AS title,article.titlecolor AS titlecolor,article.author AS author,article.keywords AS keywords,article.description AS description,article.note AS note,article.linkurl AS linkurl,article.status AS status,article.copyfrom AS copyfrom,article.addtime AS addtime,article.islink AS islink,article.isflash AS isflash,article.istop AS istop,article.isimg AS isimg,article.imgurl AS imgurl,article.ishot AS ishot,article.pagenum AS pagenum,article.hits AS hits,article.content AS content,article.typeid AS typeid,article.voteid AS voteid,article.is_from_mobile AS is_from_mobile,article.price AS price,article.color AS color,article.product_xinghao AS product_xinghao,article.dami_uid AS dami_uid,type.typename AS typename FROM dami_article article LEFT JOIN dami_type type ON article.typeid=type.typeid WHERE ( article.typeid IN ('18','19','20','21') ) AND ( article.status = 1 ) ORDER BY article.addtime desc LIMIT 9   [ RunTime:0.008843s ]
SQL: SELECT * FROM `dami_type` WHERE ( typeid =22 ) LIMIT 1   [ RunTime:0.000163s ]
SQL: SELECT * FROM `dami_type` WHERE ( fid = 22 )  [ RunTime:0.000178s ]
SQL: SHOW COLUMNS FROM `dami_link` [ RunTime:0.020978s ]
SQL: SELECT `url`,`title` FROM `dami_link` WHERE ( `islogo` = 0 ) AND ( `status` = 1 ) ORDER BY rank  [ RunTime:0.000253s ]
SQL: SELECT `url`,`title`,`logo` FROM `dami_link` WHERE ( `islogo` = 1 ) AND ( `status` = 1 ) ORDER BY rank  [ RunTime:0.000163s ]
INFO: [ view_parse ] --START--
NOTIC: [8] Undefined index: dami_uid D:\WWW\DM\Web\Runtime\Cache\97f3533fbfeae41e6e5cce99b319b73c.php 第 33 行.
NOTIC: [8] Use of undefined constant lists - assumed 'lists' D:\WWW\DM\Web\Runtime\Cache\97f3533fbfeae41e6e5cce99b319b73c.php 第 50 行.
SQL: SHOW COLUMNS FROM `dami_link` [ RunTime:0.002354s ]
NOTIC: [8] Undefined offset: 0 D:\WWW\DM\Core\Lib\Core\Model.class.php 第 234 行.
SQL: SELECT * FROM `dami_link` WHERE ( status=1 ) ORDER BY rank asc  [ RunTime:0.000181s ]
INFO: ParseTemplate Behavior ::run [ RunTime:0.423853s ]
INFO: [ view_parse ] --END-- [ RunTime:0.423894s ]
INFO: [ view_filter ] --START--
INFO: ContentReplace Behavior ::run [ RunTime:0.000555s ]
INFO: TokenBuild Behavior ::run [ RunTime:0.000290s ]
INFO: WriteHtmlCache Behavior ::run [ RunTime:0.000284s ]
INFO: ShowRuntime Behavior ::run [ RunTime:0.000286s ]
INFO: [ view_filter ] --END-- [ RunTime:0.001509s ]
INFO: [ view_end ] --START--
INFO: ShowPageTrace Behavior ::run [ RunTime:0.000351s ]
INFO: [ view_end ] --END-- [ RunTime:0.000380s ]

[ 2016-09-28T13:47:11+08:00 ] 0.0.0.0 /DM/index.php?s=guestbook
INFO: [ route_check ] --START--
INFO: CheckRoute Behavior ::run [ RunTime:0.000499s ]
INFO: [ route_check ] --END-- [ RunTime:0.000554s ]
INFO: [ app_begin ] --START--
INFO: ReadHtmlCache Behavior ::run [ RunTime:0.000332s ]
INFO: [ app_begin ] --END-- [ RunTime:0.000368s ]
NOTIC: [2048] Declaration of GuestbookAction::show() should be compatible with that of Action::show() D:\WWW\DM\Web\Lib\Action\GuestbookAction.class.php 第 14 行.
SQL: SHOW COLUMNS FROM `dami_type` [ RunTime:0.002435s ]
SQL: SHOW COLUMNS FROM `dami_article` [ RunTime:0.010095s ]
SQL: SELECT * FROM `dami_type` WHERE ( ismenu=1 ) ORDER BY drank asc  [ RunTime:0.000273s ]
SQL: SELECT * FROM `dami_type` WHERE ( fid=25 AND drank <> 0 ) ORDER BY drank asc  [ RunTime:0.000188s ]
SQL: SELECT * FROM `dami_type` WHERE ( fid=26 AND drank <> 0 ) ORDER BY drank asc  [ RunTime:0.000184s ]
NOTIC: [8] Undefined index: typeid D:\WWW\DM\Web\Lib\Action\PublicAction.class.php 第 55 行.
SQL: SELECT `typename` FROM `dami_type` WHERE ( typeid=0 ) LIMIT 1   [ RunTime:0.000124s ]
SQL: SELECT `path` FROM `dami_type` WHERE ( typeid=0 ) LIMIT 1   [ RunTime:0.000118s ]
INFO: [ view_parse ] --START--
INFO: ParseTemplate Behavior ::run [ RunTime:0.005037s ]
INFO: [ view_parse ] --END-- [ RunTime:0.005082s ]
INFO: [ view_filter ] --START--
INFO: ContentReplace Behavior ::run [ RunTime:0.000191s ]
INFO: TokenBuild Behavior ::run [ RunTime:0.000183s ]
INFO: WriteHtmlCache Behavior ::run [ RunTime:0.000140s ]
INFO: ShowRuntime Behavior ::run [ RunTime:0.000215s ]
INFO: [ view_filter ] --END-- [ RunTime:0.000813s ]
INFO: [ view_end ] --START--
INFO: ShowPageTrace Behavior ::run [ RunTime:0.000282s ]
INFO: [ view_end ] --END-- [ RunTime:0.000311s ]

[ 2016-09-28T13:47:12+08:00 ] 0.0.0.0 /DM/index.php?m=Guestbook&a=show&page=1
INFO: [ app_begin ] --START--
INFO: ReadHtmlCache Behavior ::run [ RunTime:0.000320s ]
INFO: [ app_begin ] --END-- [ RunTime:0.000383s ]
NOTIC: [2048] Declaration of GuestbookAction::show() should be compatible with that of Action::show() D:\WWW\DM\Web\Lib\Action\GuestbookAction.class.php 第 14 行.
SQL: SHOW COLUMNS FROM `dami_type` [ RunTime:0.002421s ]
SQL: SHOW COLUMNS FROM `dami_article` [ RunTime:0.002255s ]
SQL: SELECT * FROM `dami_type` WHERE ( ismenu=1 ) ORDER BY drank asc  [ RunTime:0.000292s ]
SQL: SELECT * FROM `dami_type` WHERE ( fid=25 AND drank <> 0 ) ORDER BY drank asc  [ RunTime:0.000187s ]
SQL: SELECT * FROM `dami_type` WHERE ( fid=26 AND drank <> 0 ) ORDER BY drank asc  [ RunTime:0.000178s ]
NOTIC: [8] Undefined index: typeid D:\WWW\DM\Web\Lib\Action\PublicAction.class.php 第 55 行.
SQL: SELECT `typename` FROM `dami_type` WHERE ( typeid=0 ) LIMIT 1   [ RunTime:0.000121s ]
SQL: SELECT `path` FROM `dami_type` WHERE ( typeid=0 ) LIMIT 1   [ RunTime:0.000141s ]
SQL: SHOW COLUMNS FROM `dami_guestbook` [ RunTime:0.024472s ]
SQL: SELECT * FROM `dami_guestbook` WHERE ( `status` = 1 )  [ RunTime:0.000223s ]
SQL: SELECT COUNT(*) AS tp_count FROM `dami_guestbook` WHERE ( `status` = 1 ) LIMIT 1   [ RunTime:0.000287s ]
SQL: SELECT * FROM `dami_guestbook` WHERE ( `status` = 1 ) ORDER BY addtime desc LIMIT 0,5   [ RunTime:0.000211s ]
INFO: [ view_parse ] --START--
INFO: ParseTemplate Behavior ::run [ RunTime:0.004544s ]
INFO: [ view_parse ] --END-- [ RunTime:0.004585s ]
INFO: [ view_filter ] --START--
INFO: ContentReplace Behavior ::run [ RunTime:0.000188s ]
INFO: TokenBuild Behavior ::run [ RunTime:0.000186s ]
INFO: WriteHtmlCache Behavior ::run [ RunTime:0.000141s ]
INFO: ShowRuntime Behavior ::run [ RunTime:0.000218s ]
INFO: [ view_filter ] --END-- [ RunTime:0.000810s ]
INFO: [ view_end ] --START--
INFO: ShowPageTrace Behavior ::run [ RunTime:0.000277s ]
INFO: [ view_end ] --END-- [ RunTime:0.000303s ]

